<?xml version="1.0" encoding="UTF-8"?>
<testsuite xmlns:xsi="http://www.w3.org/2001/XMLSchema-instance" xsi:noNamespaceSchemaLocation="https://maven.apache.org/surefire/maven-surefire-plugin/xsd/surefire-test-report.xsd" name="hello.HomePageTest" time="4.11" tests="3" errors="0" skipped="0" failures="2">
  <properties>
[...]
</properties>
  <testcase name="getHomePage_BootstrapLoaded" classname="hello.HomePageTest" time="0.531">
    <failure message="Status expected:&lt;200&gt; but was:&lt;302&gt;" type="java.lang.AssertionError"><![CDATA[java.lang.AssertionError: Status expected:<200> but was:<302>
	at hello.HomePageTest.getHomePage_BootstrapLoaded(HomePageTest.java:43)
]]></failure>
    <system-out><![CDATA[19:32:20.076 [main] DEBUG org.springframework.test.context.junit4.SpringJUnit4ClassRunner - SpringJUnit4ClassRunner constructor called with [class hello.HomePageTest]
19:32:20.080 [main] DEBUG org.springframework.test.context.BootstrapUtils - Instantiating CacheAwareContextLoaderDelegate from class [org.springframework.test.context.cache.DefaultCacheAwareContextLoaderDelegate]
19:32:20.095 [main] DEBUG org.springframework.test.context.BootstrapUtils - Instantiating BootstrapContext using constructor [public org.springframework.test.context.support.DefaultBootstrapContext(java.lang.Class,org.springframework.test.context.CacheAwareContextLoaderDelegate)]
19:32:20.112 [main] DEBUG org.springframework.test.context.BootstrapUtils - Instantiating TestContextBootstrapper for test class [hello.HomePageTest] from class [org.springframework.boot.test.context.SpringBootTestContextBootstrapper]
19:32:20.123 [main] INFO org.springframework.boot.test.context.SpringBootTestContextBootstrapper - Neither @ContextConfiguration nor @ContextHierarchy found for test class [hello.HomePageTest], using SpringBootContextLoader
19:32:20.127 [main] DEBUG org.springframework.test.context.support.AbstractContextLoader - Did not detect default resource location for test class [hello.HomePageTest]: class path resource [hello/HomePageTest-context.xml] does not exist
19:32:20.128 [main] DEBUG org.springframework.test.context.support.AbstractContextLoader - Did not detect default resource location for test class [hello.HomePageTest]: class path resource [hello/HomePageTestContext.groovy] does not exist
19:32:20.128 [main] INFO org.springframework.test.context.support.AbstractContextLoader - Could not detect default resource locations for test class [hello.HomePageTest]: no resource found for suffixes {-context.xml, Context.groovy}.
19:32:20.129 [main] INFO org.springframework.test.context.support.AnnotationConfigContextLoaderUtils - Could not detect default configuration classes for test class [hello.HomePageTest]: HomePageTest does not declare any static, non-private, non-final, nested classes annotated with @Configuration.
19:32:20.206 [main] DEBUG org.springframework.test.context.support.ActiveProfilesUtils - Could not find an 'annotation declaring class' for annotation type [org.springframework.test.context.ActiveProfiles] and class [hello.HomePageTest]
19:32:20.211 [main] DEBUG org.springframework.core.env.StandardEnvironment - Adding PropertySource 'systemProperties' with lowest search precedence
19:32:20.211 [main] DEBUG org.springframework.core.env.StandardEnvironment - Adding PropertySource 'systemEnvironment' with lowest search precedence
19:32:20.211 [main] DEBUG org.springframework.core.env.StandardEnvironment - Initialized StandardEnvironment with PropertySources [MapPropertySource@258931371 {name='systemProperties', properties={awt.toolkit=sun.awt.X11.XToolkit, java.specification.version=11, sun.cpu.isalist=, sun.jnu.encoding=UTF-8, java.class.path=/cs/student/zhiyuning/cs56/lab06/lab06-zhiyuning/target/test-classes:/cs/student/zhiyuning/cs56/lab06/lab06-zhiyuning/target/classes:/cs/student/zhiyuning/.m2/repository/org/springframework/boot/spring-boot-starter-web/2.0.5.RELEASE/spring-boot-starter-web-2.0.5.RELEASE.jar:/cs/student/zhiyuning/.m2/repository/org/springframework/boot/spring-boot-starter/2.0.5.RELEASE/spring-boot-starter-2.0.5.RELEASE.jar:/cs/student/zhiyuning/.m2/repository/org/springframework/boot/spring-boot-starter-logging/2.0.5.RELEASE/spring-boot-starter-logging-2.0.5.RELEASE.jar:/cs/student/zhiyuning/.m2/repository/ch/qos/logback/logback-classic/1.2.3/logback-classic-1.2.3.jar:/cs/student/zhiyuning/.m2/repository/ch/qos/logback/logback-core/1.2.3/logback-core-1.2.3.jar:/cs/student/zhiyuning/.m2/repository/org/apache/logging/log4j/log4j-to-slf4j/2.10.0/log4j-to-slf4j-2.10.0.jar:/cs/student/zhiyuning/.m2/repository/org/apache/logging/log4j/log4j-api/2.10.0/log4j-api-2.10.0.jar:/cs/student/zhiyuning/.m2/repository/org/slf4j/jul-to-slf4j/1.7.25/jul-to-slf4j-1.7.25.jar:/cs/student/zhiyuning/.m2/repository/javax/annotation/javax.annotation-api/1.3.2/javax.annotation-api-1.3.2.jar:/cs/student/zhiyuning/.m2/repository/org/yaml/snakeyaml/1.19/snakeyaml-1.19.jar:/cs/student/zhiyuning/.m2/repository/org/springframework/boot/spring-boot-starter-json/2.0.5.RELEASE/spring-boot-starter-json-2.0.5.RELEASE.jar:/cs/student/zhiyuning/.m2/repository/com/fasterxml/jackson/core/jackson-databind/2.9.6/jackson-databind-2.9.6.jar:/cs/student/zhiyuning/.m2/repository/com/fasterxml/jackson/core/jackson-annotations/2.9.0/jackson-annotations-2.9.0.jar:/cs/student/zhiyuning/.m2/repository/com/fasterxml/jackson/core/jackson-core/2.9.6/jackson-core-2.9.6.jar:/cs/student/zhiyuning/.m2/repository/com/fasterxml/jackson/datatype/jackson-datatype-jdk8/2.9.6/jackson-datatype-jdk8-2.9.6.jar:/cs/student/zhiyuning/.m2/repository/com/fasterxml/jackson/datatype/jackson-datatype-jsr310/2.9.6/jackson-datatype-jsr310-2.9.6.jar:/cs/student/zhiyuning/.m2/repository/com/fasterxml/jackson/module/jackson-module-parameter-names/2.9.6/jackson-module-parameter-names-2.9.6.jar:/cs/student/zhiyuning/.m2/repository/org/springframework/boot/spring-boot-starter-tomcat/2.0.5.RELEASE/spring-boot-starter-tomcat-2.0.5.RELEASE.jar:/cs/student/zhiyuning/.m2/repository/org/apache/tomcat/embed/tomcat-embed-core/8.5.34/tomcat-embed-core-8.5.34.jar:/cs/student/zhiyuning/.m2/repository/org/apache/tomcat/embed/tomcat-embed-el/8.5.34/tomcat-embed-el-8.5.34.jar:/cs/student/zhiyuning/.m2/repository/org/apache/tomcat/embed/tomcat-embed-websocket/8.5.34/tomcat-embed-websocket-8.5.34.jar:/cs/student/zhiyuning/.m2/repository/org/hibernate/validator/hibernate-validator/6.0.12.Final/hibernate-validator-6.0.12.Final.jar:/cs/student/zhiyuning/.m2/repository/javax/validation/validation-api/2.0.1.Final/validation-api-2.0.1.Final.jar:/cs/student/zhiyuning/.m2/repository/org/jboss/logging/jboss-logging/3.3.2.Final/jboss-logging-3.3.2.Final.jar:/cs/student/zhiyuning/.m2/repository/com/fasterxml/classmate/1.3.4/classmate-1.3.4.jar:/cs/student/zhiyuning/.m2/repository/org/springframework/spring-web/5.0.9.RELEASE/spring-web-5.0.9.RELEASE.jar:/cs/student/zhiyuning/.m2/repository/org/springframework/spring-beans/5.0.9.RELEASE/spring-beans-5.0.9.RELEASE.jar:/cs/student/zhiyuning/.m2/repository/org/springframework/spring-webmvc/5.0.9.RELEASE/spring-webmvc-5.0.9.RELEASE.jar:/cs/student/zhiyuning/.m2/repository/org/springframework/spring-context/5.0.9.RELEASE/spring-context-5.0.9.RELEASE.jar:/cs/student/zhiyuning/.m2/repository/org/springframework/spring-expression/5.0.9.RELEASE/spring-expression-5.0.9.RELEASE.jar:/cs/student/zhiyuning/.m2/repository/org/springframework/boot/spring-boot-starter-thymeleaf/2.0.5.RELEASE/spring-boot-starter-thymeleaf-2.0.5.RELEASE.jar:/cs/student/zhiyuning/.m2/repository/org/thymeleaf/thymeleaf-spring5/3.0.9.RELEASE/thymeleaf-spring5-3.0.9.RELEASE.jar:/cs/student/zhiyuning/.m2/repository/org/thymeleaf/thymeleaf/3.0.9.RELEASE/thymeleaf-3.0.9.RELEASE.jar:/cs/student/zhiyuning/.m2/repository/org/attoparser/attoparser/2.0.4.RELEASE/attoparser-2.0.4.RELEASE.jar:/cs/student/zhiyuning/.m2/repository/org/unbescape/unbescape/1.1.5.RELEASE/unbescape-1.1.5.RELEASE.jar:/cs/student/zhiyuning/.m2/repository/org/thymeleaf/extras/thymeleaf-extras-java8time/3.0.1.RELEASE/thymeleaf-extras-java8time-3.0.1.RELEASE.jar:/cs/student/zhiyuning/.m2/repository/org/springframework/boot/spring-boot-starter-security/2.0.5.RELEASE/spring-boot-starter-security-2.0.5.RELEASE.jar:/cs/student/zhiyuning/.m2/repository/org/springframework/spring-aop/5.0.9.RELEASE/spring-aop-5.0.9.RELEASE.jar:/cs/student/zhiyuning/.m2/repository/org/springframework/security/spring-security-config/5.0.8.RELEASE/spring-security-config-5.0.8.RELEASE.jar:/cs/student/zhiyuning/.m2/repository/org/springframework/security/spring-security-web/5.0.8.RELEASE/spring-security-web-5.0.8.RELEASE.jar:/cs/student/zhiyuning/.m2/repository/org/springframework/boot/spring-boot-devtools/2.0.5.RELEASE/spring-boot-devtools-2.0.5.RELEASE.jar:/cs/student/zhiyuning/.m2/repository/org/springframework/boot/spring-boot/2.0.5.RELEASE/spring-boot-2.0.5.RELEASE.jar:/cs/student/zhiyuning/.m2/repository/org/springframework/boot/spring-boot-autoconfigure/2.0.5.RELEASE/spring-boot-autoconfigure-2.0.5.RELEASE.jar:/cs/student/zhiyuning/.m2/repository/org/springframework/security/spring-security-oauth2-client/5.0.8.RELEASE/spring-security-oauth2-client-5.0.8.RELEASE.jar:/cs/student/zhiyuning/.m2/repository/com/nimbusds/oauth2-oidc-sdk/5.64.4/oauth2-oidc-sdk-5.64.4.jar:/cs/student/zhiyuning/.m2/repository/com/sun/mail/javax.mail/1.6.2/javax.mail-1.6.2.jar:/cs/student/zhiyuning/.m2/repository/javax/activation/activation/1.1/activation-1.1.jar:/cs/student/zhiyuning/.m2/repository/com/github/stephenc/jcip/jcip-annotations/1.0-1/jcip-annotations-1.0-1.jar:/cs/student/zhiyuning/.m2/repository/net/minidev/json-smart/2.3/json-smart-2.3.jar:/cs/student/zhiyuning/.m2/repository/net/minidev/accessors-smart/1.2/accessors-smart-1.2.jar:/cs/student/zhiyuning/.m2/repository/org/ow2/asm/asm/5.0.4/asm-5.0.4.jar:/cs/student/zhiyuning/.m2/repository/com/nimbusds/lang-tag/1.4.4/lang-tag-1.4.4.jar:/cs/student/zhiyuning/.m2/repository/org/springframework/security/spring-security-core/5.0.8.RELEASE/spring-security-core-5.0.8.RELEASE.jar:/cs/student/zhiyuning/.m2/repository/org/springframework/security/spring-security-oauth2-core/5.0.8.RELEASE/spring-security-oauth2-core-5.0.8.RELEASE.jar:/cs/student/zhiyuning/.m2/repository/org/springframework/spring-core/5.0.9.RELEASE/spring-core-5.0.9.RELEASE.jar:/cs/student/zhiyuning/.m2/repository/org/springframework/spring-jcl/5.0.9.RELEASE/spring-jcl-5.0.9.RELEASE.jar:/cs/student/zhiyuning/.m2/repository/org/springframework/security/spring-security-oauth2-jose/5.0.8.RELEASE/spring-security-oauth2-jose-5.0.8.RELEASE.jar:/cs/student/zhiyuning/.m2/repository/com/nimbusds/nimbus-jose-jwt/5.14/nimbus-jose-jwt-5.14.jar:/cs/student/zhiyuning/.m2/repository/org/springframework/boot/spring-boot-starter-test/2.0.5.RELEASE/spring-boot-starter-test-2.0.5.RELEASE.jar:/cs/student/zhiyuning/.m2/repository/org/springframework/boot/spring-boot-test/2.0.5.RELEASE/spring-boot-test-2.0.5.RELEASE.jar:/cs/student/zhiyuning/.m2/repository/org/springframework/boot/spring-boot-test-autoconfigure/2.0.5.RELEASE/spring-boot-test-autoconfigure-2.0.5.RELEASE.jar:/cs/student/zhiyuning/.m2/repository/com/jayway/jsonpath/json-path/2.4.0/json-path-2.4.0.jar:/cs/student/zhiyuning/.m2/repository/junit/junit/4.12/junit-4.12.jar:/cs/student/zhiyuning/.m2/repository/org/assertj/assertj-core/3.9.1/assertj-core-3.9.1.jar:/cs/student/zhiyuning/.m2/repository/org/mockito/mockito-core/2.15.0/mockito-core-2.15.0.jar:/cs/student/zhiyuning/.m2/repository/net/bytebuddy/byte-buddy/1.7.11/byte-buddy-1.7.11.jar:/cs/student/zhiyuning/.m2/repository/net/bytebuddy/byte-buddy-agent/1.7.11/byte-buddy-agent-1.7.11.jar:/cs/student/zhiyuning/.m2/repository/org/objenesis/objenesis/2.6/objenesis-2.6.jar:/cs/student/zhiyuning/.m2/repository/org/hamcrest/hamcrest-core/1.3/hamcrest-core-1.3.jar:/cs/student/zhiyuning/.m2/repository/org/hamcrest/hamcrest-library/1.3/hamcrest-library-1.3.jar:/cs/student/zhiyuning/.m2/repository/org/skyscreamer/jsonassert/1.5.0/jsonassert-1.5.0.jar:/cs/student/zhiyuning/.m2/repository/com/vaadin/external/google/android-json/0.0.20131108.vaadin1/android-json-0.0.20131108.vaadin1.jar:/cs/student/zhiyuning/.m2/repository/org/springframework/spring-test/5.0.9.RELEASE/spring-test-5.0.9.RELEASE.jar:/cs/student/zhiyuning/.m2/repository/org/xmlunit/xmlunit-core/2.5.1/xmlunit-core-2.5.1.jar:/cs/student/zhiyuning/.m2/repository/org/webjars/font-awesome/5.11.2/font-awesome-5.11.2.jar:/cs/student/zhiyuning/.m2/repository/org/thymeleaf/extras/thymeleaf-extras-springsecurity5/3.0.4.RELEASE/thymeleaf-extras-springsecurity5-3.0.4.RELEASE.jar:/cs/student/zhiyuning/.m2/repository/org/slf4j/slf4j-api/1.7.25/slf4j-api-1.7.25.jar:/cs/student/zhiyuning/.m2/repository/com/jcabi/jcabi-github/1.0/jcabi-github-1.0.jar:/cs/student/zhiyuning/.m2/repository/com/jcabi/jcabi-aspects/0.22.5/jcabi-aspects-0.22.5.jar:/cs/student/zhiyuning/.m2/repository/com/jcabi/jcabi-immutable/1.4/jcabi-immutable-1.4.jar:/cs/student/zhiyuning/.m2/repository/com/jcabi/jcabi-xml/0.18.1/jcabi-xml-0.18.1.jar:/cs/student/zhiyuning/.m2/repository/com/jcabi/jcabi-http/1.16/jcabi-http-1.16.jar:/cs/student/zhiyuning/.m2/repository/com/jcabi/jcabi-manifests/1.1/jcabi-manifests-1.1.jar:/cs/student/zhiyuning/.m2/repository/com/jcabi/incubator/xembly/0.22/xembly-0.22.jar:/cs/student/zhiyuning/.m2/repository/org/antlr/antlr-runtime/3.5.2/antlr-runtime-3.5.2.jar:/cs/student/zhiyuning/.m2/repository/com/jcabi/jcabi-log/0.17.2/jcabi-log-0.17.2.jar:/cs/student/zhiyuning/.m2/repository/commons-io/commons-io/2.4/commons-io-2.4.jar:/cs/student/zhiyuning/.m2/repository/org/apache/commons/commons-lang3/3.7/commons-lang3-3.7.jar:/cs/student/zhiyuning/.m2/repository/com/google/guava/guava/19.0-rc2/guava-19.0-rc2.jar:/cs/student/zhiyuning/.m2/repository/org/aspectj/aspectjrt/1.8.13/aspectjrt-1.8.13.jar:/cs/student/zhiyuning/.m2/repository/org/glassfish/javax.json/1.0.4/javax.json-1.0.4.jar:/cs/student/zhiyuning/.m2/repository/org/glassfish/jersey/core/jersey-server/2.26/jersey-server-2.26.jar:/cs/student/zhiyuning/.m2/repository/org/glassfish/jersey/core/jersey-common/2.26/jersey-common-2.26.jar:/cs/student/zhiyuning/.m2/repository/org/glassfish/hk2/osgi-resource-locator/1.0.1/osgi-resource-locator-1.0.1.jar:/cs/student/zhiyuning/.m2/repository/org/glassfish/jersey/core/jersey-client/2.26/jersey-client-2.26.jar:/cs/student/zhiyuning/.m2/repository/javax/ws/rs/javax.ws.rs-api/2.1/javax.ws.rs-api-2.1.jar:/cs/student/zhiyuning/.m2/repository/org/glassfish/jersey/media/jersey-media-jaxb/2.26/jersey-media-jaxb-2.26.jar:/cs/student/zhiyuning/.m2/repository/org/glassfish/hk2/external/javax.inject/2.5.0-b42/javax.inject-2.5.0-b42.jar:/cs/student/zhiyuning/.m2/repository/org/apache/httpcomponents/httpcore/4.4.10/httpcore-4.4.10.jar:/cs/student/zhiyuning/.m2/repository/org/apache/httpcomponents/httpclient/4.5.6/httpclient-4.5.6.jar:/cs/student/zhiyuning/.m2/repository/commons-codec/commons-codec/1.11/commons-codec-1.11.jar:/cs/student/zhiyuning/.m2/repository/javax/json/javax.json-api/1.1.4/javax.json-api-1.1.4.jar:, java.vm.vendor=Oracle Corporation, sun.arch.data.model=64, java.vendor.url=http://java.oracle.com/, user.timezone=America/Los_Angeles, os.name=Linux, java.vm.specification.version=11, sun.java.launcher=SUN_STANDARD, user.country=US, sun.boot.library.path=/usr/lib/jvm/java-11-openjdk-11.0.4.11-0.fc29.x86_64/lib, sun.java.command=/cs/student/zhiyuning/cs56/lab06/lab06-zhiyuning/target/surefire/surefirebooter7791381547826767849.jar /cs/student/zhiyuning/cs56/lab06/lab06-zhiyuning/target/surefire 2019-10-31T19-32-19_136-jvmRun1 surefire13674928610781092094tmp surefire_02333838140977476414tmp, jdk.debug=release, surefire.test.class.path=/cs/student/zhiyuning/cs56/lab06/lab06-zhiyuning/target/test-classes:/cs/student/zhiyuning/cs56/lab06/lab06-zhiyuning/target/classes:/cs/student/zhiyuning/.m2/repository/org/springframework/boot/spring-boot-starter-web/2.0.5.RELEASE/spring-boot-starter-web-2.0.5.RELEASE.jar:/cs/student/zhiyuning/.m2/repository/org/springframework/boot/spring-boot-starter/2.0.5.RELEASE/spring-boot-starter-2.0.5.RELEASE.jar:/cs/student/zhiyuning/.m2/repository/org/springframework/boot/spring-boot-starter-logging/2.0.5.RELEASE/spring-boot-starter-logging-2.0.5.RELEASE.jar:/cs/student/zhiyuning/.m2/repository/ch/qos/logback/logback-classic/1.2.3/logback-classic-1.2.3.jar:/cs/student/zhiyuning/.m2/repository/ch/qos/logback/logback-core/1.2.3/logback-core-1.2.3.jar:/cs/student/zhiyuning/.m2/repository/org/apache/logging/log4j/log4j-to-slf4j/2.10.0/log4j-to-slf4j-2.10.0.jar:/cs/student/zhiyuning/.m2/repository/org/apache/logging/log4j/log4j-api/2.10.0/log4j-api-2.10.0.jar:/cs/student/zhiyuning/.m2/repository/org/slf4j/jul-to-slf4j/1.7.25/jul-to-slf4j-1.7.25.jar:/cs/student/zhiyuning/.m2/repository/javax/annotation/javax.annotation-api/1.3.2/javax.annotation-api-1.3.2.jar:/cs/student/zhiyuning/.m2/repository/org/yaml/snakeyaml/1.19/snakeyaml-1.19.jar:/cs/student/zhiyuning/.m2/repository/org/springframework/boot/spring-boot-starter-json/2.0.5.RELEASE/spring-boot-starter-json-2.0.5.RELEASE.jar:/cs/student/zhiyuning/.m2/repository/com/fasterxml/jackson/core/jackson-databind/2.9.6/jackson-databind-2.9.6.jar:/cs/student/zhiyuning/.m2/repository/com/fasterxml/jackson/core/jackson-annotations/2.9.0/jackson-annotations-2.9.0.jar:/cs/student/zhiyuning/.m2/repository/com/fasterxml/jackson/core/jackson-core/2.9.6/jackson-core-2.9.6.jar:/cs/student/zhiyuning/.m2/repository/com/fasterxml/jackson/datatype/jackson-datatype-jdk8/2.9.6/jackson-datatype-jdk8-2.9.6.jar:/cs/student/zhiyuning/.m2/repository/com/fasterxml/jackson/datatype/jackson-datatype-jsr310/2.9.6/jackson-datatype-jsr310-2.9.6.jar:/cs/student/zhiyuning/.m2/repository/com/fasterxml/jackson/module/jackson-module-parameter-names/2.9.6/jackson-module-parameter-names-2.9.6.jar:/cs/student/zhiyuning/.m2/repository/org/springframework/boot/spring-boot-starter-tomcat/2.0.5.RELEASE/spring-boot-starter-tomcat-2.0.5.RELEASE.jar:/cs/student/zhiyuning/.m2/repository/org/apache/tomcat/embed/tomcat-embed-core/8.5.34/tomcat-embed-core-8.5.34.jar:/cs/student/zhiyuning/.m2/repository/org/apache/tomcat/embed/tomcat-embed-el/8.5.34/tomcat-embed-el-8.5.34.jar:/cs/student/zhiyuning/.m2/repository/org/apache/tomcat/embed/tomcat-embed-websocket/8.5.34/tomcat-embed-websocket-8.5.34.jar:/cs/student/zhiyuning/.m2/repository/org/hibernate/validator/hibernate-validator/6.0.12.Final/hibernate-validator-6.0.12.Final.jar:/cs/student/zhiyuning/.m2/repository/javax/validation/validation-api/2.0.1.Final/validation-api-2.0.1.Final.jar:/cs/student/zhiyuning/.m2/repository/org/jboss/logging/jboss-logging/3.3.2.Final/jboss-logging-3.3.2.Final.jar:/cs/student/zhiyuning/.m2/repository/com/fasterxml/classmate/1.3.4/classmate-1.3.4.jar:/cs/student/zhiyuning/.m2/repository/org/springframework/spring-web/5.0.9.RELEASE/spring-web-5.0.9.RELEASE.jar:/cs/student/zhiyuning/.m2/repository/org/springframework/spring-beans/5.0.9.RELEASE/spring-beans-5.0.9.RELEASE.jar:/cs/student/zhiyuning/.m2/repository/org/springframework/spring-webmvc/5.0.9.RELEASE/spring-webmvc-5.0.9.RELEASE.jar:/cs/student/zhiyuning/.m2/repository/org/springframework/spring-context/5.0.9.RELEASE/spring-context-5.0.9.RELEASE.jar:/cs/student/zhiyuning/.m2/repository/org/springframework/spring-expression/5.0.9.RELEASE/spring-expression-5.0.9.RELEASE.jar:/cs/student/zhiyuning/.m2/repository/org/springframework/boot/spring-boot-starter-thymeleaf/2.0.5.RELEASE/spring-boot-starter-thymeleaf-2.0.5.RELEASE.jar:/cs/student/zhiyuning/.m2/repository/org/thymeleaf/thymeleaf-spring5/3.0.9.RELEASE/thymeleaf-spring5-3.0.9.RELEASE.jar:/cs/student/zhiyuning/.m2/repository/org/thymeleaf/thymeleaf/3.0.9.RELEASE/thymeleaf-3.0.9.RELEASE.jar:/cs/student/zhiyuning/.m2/repository/org/attoparser/attoparser/2.0.4.RELEASE/attoparser-2.0.4.RELEASE.jar:/cs/student/zhiyuning/.m2/repository/org/unbescape/unbescape/1.1.5.RELEASE/unbescape-1.1.5.RELEASE.jar:/cs/student/zhiyuning/.m2/repository/org/thymeleaf/extras/thymeleaf-extras-java8time/3.0.1.RELEASE/thymeleaf-extras-java8time-3.0.1.RELEASE.jar:/cs/student/zhiyuning/.m2/repository/org/springframework/boot/spring-boot-starter-security/2.0.5.RELEASE/spring-boot-starter-security-2.0.5.RELEASE.jar:/cs/student/zhiyuning/.m2/repository/org/springframework/spring-aop/5.0.9.RELEASE/spring-aop-5.0.9.RELEASE.jar:/cs/student/zhiyuning/.m2/repository/org/springframework/security/spring-security-config/5.0.8.RELEASE/spring-security-config-5.0.8.RELEASE.jar:/cs/student/zhiyuning/.m2/repository/org/springframework/security/spring-security-web/5.0.8.RELEASE/spring-security-web-5.0.8.RELEASE.jar:/cs/student/zhiyuning/.m2/repository/org/springframework/boot/spring-boot-devtools/2.0.5.RELEASE/spring-boot-devtools-2.0.5.RELEASE.jar:/cs/student/zhiyuning/.m2/repository/org/springframework/boot/spring-boot/2.0.5.RELEASE/spring-boot-2.0.5.RELEASE.jar:/cs/student/zhiyuning/.m2/repository/org/springframework/boot/spring-boot-autoconfigure/2.0.5.RELEASE/spring-boot-autoconfigure-2.0.5.RELEASE.jar:/cs/student/zhiyuning/.m2/repository/org/springframework/security/spring-security-oauth2-client/5.0.8.RELEASE/spring-security-oauth2-client-5.0.8.RELEASE.jar:/cs/student/zhiyuning/.m2/repository/com/nimbusds/oauth2-oidc-sdk/5.64.4/oauth2-oidc-sdk-5.64.4.jar:/cs/student/zhiyuning/.m2/repository/com/sun/mail/javax.mail/1.6.2/javax.mail-1.6.2.jar:/cs/student/zhiyuning/.m2/repository/javax/activation/activation/1.1/activation-1.1.jar:/cs/student/zhiyuning/.m2/repository/com/github/stephenc/jcip/jcip-annotations/1.0-1/jcip-annotations-1.0-1.jar:/cs/student/zhiyuning/.m2/repository/net/minidev/json-smart/2.3/json-smart-2.3.jar:/cs/student/zhiyuning/.m2/repository/net/minidev/accessors-smart/1.2/accessors-smart-1.2.jar:/cs/student/zhiyuning/.m2/repository/org/ow2/asm/asm/5.0.4/asm-5.0.4.jar:/cs/student/zhiyuning/.m2/repository/com/nimbusds/lang-tag/1.4.4/lang-tag-1.4.4.jar:/cs/student/zhiyuning/.m2/repository/org/springframework/security/spring-security-core/5.0.8.RELEASE/spring-security-core-5.0.8.RELEASE.jar:/cs/student/zhiyuning/.m2/repository/org/springframework/security/spring-security-oauth2-core/5.0.8.RELEASE/spring-security-oauth2-core-5.0.8.RELEASE.jar:/cs/student/zhiyuning/.m2/repository/org/springframework/spring-core/5.0.9.RELEASE/spring-core-5.0.9.RELEASE.jar:/cs/student/zhiyuning/.m2/repository/org/springframework/spring-jcl/5.0.9.RELEASE/spring-jcl-5.0.9.RELEASE.jar:/cs/student/zhiyuning/.m2/repository/org/springframework/security/spring-security-oauth2-jose/5.0.8.RELEASE/spring-security-oauth2-jose-5.0.8.RELEASE.jar:/cs/student/zhiyuning/.m2/repository/com/nimbusds/nimbus-jose-jwt/5.14/nimbus-jose-jwt-5.14.jar:/cs/student/zhiyuning/.m2/repository/org/springframework/boot/spring-boot-starter-test/2.0.5.RELEASE/spring-boot-starter-test-2.0.5.RELEASE.jar:/cs/student/zhiyuning/.m2/repository/org/springframework/boot/spring-boot-test/2.0.5.RELEASE/spring-boot-test-2.0.5.RELEASE.jar:/cs/student/zhiyuning/.m2/repository/org/springframework/boot/spring-boot-test-autoconfigure/2.0.5.RELEASE/spring-boot-test-autoconfigure-2.0.5.RELEASE.jar:/cs/student/zhiyuning/.m2/repository/com/jayway/jsonpath/json-path/2.4.0/json-path-2.4.0.jar:/cs/student/zhiyuning/.m2/repository/junit/junit/4.12/junit-4.12.jar:/cs/student/zhiyuning/.m2/repository/org/assertj/assertj-core/3.9.1/assertj-core-3.9.1.jar:/cs/student/zhiyuning/.m2/repository/org/mockito/mockito-core/2.15.0/mockito-core-2.15.0.jar:/cs/student/zhiyuning/.m2/repository/net/bytebuddy/byte-buddy/1.7.11/byte-buddy-1.7.11.jar:/cs/student/zhiyuning/.m2/repository/net/bytebuddy/byte-buddy-agent/1.7.11/byte-buddy-agent-1.7.11.jar:/cs/student/zhiyuning/.m2/repository/org/objenesis/objenesis/2.6/objenesis-2.6.jar:/cs/student/zhiyuning/.m2/repository/org/hamcrest/hamcrest-core/1.3/hamcrest-core-1.3.jar:/cs/student/zhiyuning/.m2/repository/org/hamcrest/hamcrest-library/1.3/hamcrest-library-1.3.jar:/cs/student/zhiyuning/.m2/repository/org/skyscreamer/jsonassert/1.5.0/jsonassert-1.5.0.jar:/cs/student/zhiyuning/.m2/repository/com/vaadin/external/google/android-json/0.0.20131108.vaadin1/android-json-0.0.20131108.vaadin1.jar:/cs/student/zhiyuning/.m2/repository/org/springframework/spring-test/5.0.9.RELEASE/spring-test-5.0.9.RELEASE.jar:/cs/student/zhiyuning/.m2/repository/org/xmlunit/xmlunit-core/2.5.1/xmlunit-core-2.5.1.jar:/cs/student/zhiyuning/.m2/repository/org/webjars/font-awesome/5.11.2/font-awesome-5.11.2.jar:/cs/student/zhiyuning/.m2/repository/org/thymeleaf/extras/thymeleaf-extras-springsecurity5/3.0.4.RELEASE/thymeleaf-extras-springsecurity5-3.0.4.RELEASE.jar:/cs/student/zhiyuning/.m2/repository/org/slf4j/slf4j-api/1.7.25/slf4j-api-1.7.25.jar:/cs/student/zhiyuning/.m2/repository/com/jcabi/jcabi-github/1.0/jcabi-github-1.0.jar:/cs/student/zhiyuning/.m2/repository/com/jcabi/jcabi-aspects/0.22.5/jcabi-aspects-0.22.5.jar:/cs/student/zhiyuning/.m2/repository/com/jcabi/jcabi-immutable/1.4/jcabi-immutable-1.4.jar:/cs/student/zhiyuning/.m2/repository/com/jcabi/jcabi-xml/0.18.1/jcabi-xml-0.18.1.jar:/cs/student/zhiyuning/.m2/repository/com/jcabi/jcabi-http/1.16/jcabi-http-1.16.jar:/cs/student/zhiyuning/.m2/repository/com/jcabi/jcabi-manifests/1.1/jcabi-manifests-1.1.jar:/cs/student/zhiyuning/.m2/repository/com/jcabi/incubator/xembly/0.22/xembly-0.22.jar:/cs/student/zhiyuning/.m2/repository/org/antlr/antlr-runtime/3.5.2/antlr-runtime-3.5.2.jar:/cs/student/zhiyuning/.m2/repository/com/jcabi/jcabi-log/0.17.2/jcabi-log-0.17.2.jar:/cs/student/zhiyuning/.m2/repository/commons-io/commons-io/2.4/commons-io-2.4.jar:/cs/student/zhiyuning/.m2/repository/org/apache/commons/commons-lang3/3.7/commons-lang3-3.7.jar:/cs/student/zhiyuning/.m2/repository/com/google/guava/guava/19.0-rc2/guava-19.0-rc2.jar:/cs/student/zhiyuning/.m2/repository/org/aspectj/aspectjrt/1.8.13/aspectjrt-1.8.13.jar:/cs/student/zhiyuning/.m2/repository/org/glassfish/javax.json/1.0.4/javax.json-1.0.4.jar:/cs/student/zhiyuning/.m2/repository/org/glassfish/jersey/core/jersey-server/2.26/jersey-server-2.26.jar:/cs/student/zhiyuning/.m2/repository/org/glassfish/jersey/core/jersey-common/2.26/jersey-common-2.26.jar:/cs/student/zhiyuning/.m2/repository/org/glassfish/hk2/osgi-resource-locator/1.0.1/osgi-resource-locator-1.0.1.jar:/cs/student/zhiyuning/.m2/repository/org/glassfish/jersey/core/jersey-client/2.26/jersey-client-2.26.jar:/cs/student/zhiyuning/.m2/repository/javax/ws/rs/javax.ws.rs-api/2.1/javax.ws.rs-api-2.1.jar:/cs/student/zhiyuning/.m2/repository/org/glassfish/jersey/media/jersey-media-jaxb/2.26/jersey-media-jaxb-2.26.jar:/cs/student/zhiyuning/.m2/repository/org/glassfish/hk2/external/javax.inject/2.5.0-b42/javax.inject-2.5.0-b42.jar:/cs/student/zhiyuning/.m2/repository/org/apache/httpcomponents/httpcore/4.4.10/httpcore-4.4.10.jar:/cs/student/zhiyuning/.m2/repository/org/apache/httpcomponents/httpclient/4.5.6/httpclient-4.5.6.jar:/cs/student/zhiyuning/.m2/repository/commons-codec/commons-codec/1.11/commons-codec-1.11.jar:/cs/student/zhiyuning/.m2/repository/javax/json/javax.json-api/1.1.4/javax.json-api-1.1.4.jar:, sun.cpu.endian=little, user.home=/cs/student/zhiyuning, user.language=en, java.specification.vendor=Oracle Corporation, java.version.date=2019-07-16, java.home=/usr/lib/jvm/java-11-openjdk-11.0.4.11-0.fc29.x86_64, file.separator=/, basedir=/cs/student/zhiyuning/cs56/lab06/lab06-zhiyuning, java.vm.compressedOopsMode=Zero based, line.separator=
, java.specification.name=Java Platform API Specification, java.vm.specification.vendor=Oracle Corporation, java.awt.graphicsenv=sun.awt.X11GraphicsEnvironment, surefire.real.class.path=/cs/student/zhiyuning/cs56/lab06/lab06-zhiyuning/target/surefire/surefirebooter7791381547826767849.jar, sun.management.compiler=HotSpot 64-Bit Tiered Compilers, java.runtime.version=11.0.4+11, user.name=zhiyuning, path.separator=:, os.version=5.2.18-100.fc29.x86_64, java.runtime.name=OpenJDK Runtime Environment, file.encoding=UTF-8, java.vm.name=OpenJDK 64-Bit Server VM, java.vendor.version=18.9, localRepository=/cs/student/zhiyuning/.m2/repository, java.vendor.url.bug=http://bugreport.java.com/bugreport/, java.io.tmpdir=/tmp, java.version=11.0.4, user.dir=/cs/student/zhiyuning/cs56/lab06/lab06-zhiyuning, os.arch=amd64, java.vm.specification.name=Java Virtual Machine Specification, java.awt.printerjob=sun.print.PSPrinterJob, sun.os.patch.level=unknown, java.library.path=/usr/java/packages/lib:/usr/lib64:/lib64:/lib:/usr/lib, java.vendor=Oracle Corporation, java.vm.info=mixed mode, sharing, java.vm.version=11.0.4+11, sun.io.unicode.encoding=UnicodeLittle, java.class.version=55.0}}, SystemEnvironmentPropertySource@1008315045 {name='systemEnvironment', properties={PATH=/usr/libexec/python3-sphinx:/usr/share/Modules/bin:/usr/lib64/ccache:/usr/local/bin:/usr/bin:/bin:/usr/local/sbin:/usr/sbin:/var/lib/snapd/snap/bin:/cs/student/zhiyuning/bin, XAUTHORITY=/var/run/lightdm/zhiyuning/xauthority, HISTCONTROL=ignoredups, XMODIFIERS=@im=ibus, _JP_JAVACMD=/usr/lib/jvm/java-11-openjdk-11.0.4.11-0.fc29.x86_64/bin/java, GDMSESSION=gnome, XDG_DATA_DIRS=/cs/student/zhiyuning/.local/share/flatpak/exports/share:/var/lib/flatpak/exports/share:/usr/local/share:/usr/share:/var/lib/snapd/desktop, MODULEPATH=/etc/scl/modulefiles:/etc/scl/modulefiles:/usr/share/Modules/modulefiles:/etc/modulefiles:/usr/share/modulefiles, DBUS_SESSION_BUS_ADDRESS=unix:path=/run/user/38220/bus, _LMFILES_=/usr/share/modulefiles/python-sphinx/python3-sphinx, XDG_CURRENT_DESKTOP=GNOME, MAIL=/var/spool/mail/zhiyuning, SSH_AGENT_PID=16085, COLORTERM=truecolor, SESSION_MANAGER=local/unix:@/tmp/.ICE-unix/16066,unix/unix:/tmp/.ICE-unix/16066, LOGNAME=zhiyuning, SPRING_APPLICATION_JSON={
    "spring.security.oauth2.client.registration.github.client-id":"07861cdd33eba1fb94bc",
    "spring.security.oauth2.client.registration.github.client-secret":"4f99b3c45627e86061e034e146a46451345d93ad",
    "app_github_org":"ucsb-cs56-f19"
}, PWD=/cs/student/zhiyuning/cs56/lab06/lab06-zhiyuning, S_COLORS=auto, GJS_DEBUG_TOPICS=JS ERROR;JS LOG, LESSOPEN=||/usr/bin/lesspipe.sh %s, SHELL=/bin/bash, BASH_ENV=/usr/share/Modules/init/bash, OLDPWD=/cs/student/zhiyuning/cs56/lab06/lab06-zhiyuning, BASH_FUNC_scl%%=() {  if [ "$1" = "load" -o "$1" = "unload" ]; then
 eval "module $@";
 else
 /usr/bin/scl "$@";
 fi
}, GNOME_TERMINAL_SCREEN=/org/gnome/Terminal/screen/859e8bc9_cb3f_4634_af24_7b135633e567, MODULEPATH_modshare=/usr/share/modulefiles:1:/usr/share/Modules/modulefiles:1:/etc/modulefiles:1, XDG_SESSION_PATH=/org/freedesktop/DisplayManager/Session4, XDG_SESSION_DESKTOP=gnome, LS_COLORS=rs=0:di=38;5;33:ln=38;5;51:mh=00:pi=40;38;5;11:so=38;5;13:do=38;5;5:bd=48;5;232;38;5;11:cd=48;5;232;38;5;3:or=48;5;232;38;5;9:mi=01;05;37;41:su=48;5;196;38;5;15:sg=48;5;11;38;5;16:ca=48;5;196;38;5;226:tw=48;5;10;38;5;16:ow=48;5;10;38;5;21:st=48;5;21;38;5;15:ex=38;5;40:*.tar=38;5;9:*.tgz=38;5;9:*.arc=38;5;9:*.arj=38;5;9:*.taz=38;5;9:*.lha=38;5;9:*.lz4=38;5;9:*.lzh=38;5;9:*.lzma=38;5;9:*.tlz=38;5;9:*.txz=38;5;9:*.tzo=38;5;9:*.t7z=38;5;9:*.zip=38;5;9:*.z=38;5;9:*.dz=38;5;9:*.gz=38;5;9:*.lrz=38;5;9:*.lz=38;5;9:*.lzo=38;5;9:*.xz=38;5;9:*.zst=38;5;9:*.tzst=38;5;9:*.bz2=38;5;9:*.bz=38;5;9:*.tbz=38;5;9:*.tbz2=38;5;9:*.tz=38;5;9:*.deb=38;5;9:*.rpm=38;5;9:*.jar=38;5;9:*.war=38;5;9:*.ear=38;5;9:*.sar=38;5;9:*.rar=38;5;9:*.alz=38;5;9:*.ace=38;5;9:*.zoo=38;5;9:*.cpio=38;5;9:*.7z=38;5;9:*.rz=38;5;9:*.cab=38;5;9:*.wim=38;5;9:*.swm=38;5;9:*.dwm=38;5;9:*.esd=38;5;9:*.jpg=38;5;13:*.jpeg=38;5;13:*.mjpg=38;5;13:*.mjpeg=38;5;13:*.gif=38;5;13:*.bmp=38;5;13:*.pbm=38;5;13:*.pgm=38;5;13:*.ppm=38;5;13:*.tga=38;5;13:*.xbm=38;5;13:*.xpm=38;5;13:*.tif=38;5;13:*.tiff=38;5;13:*.png=38;5;13:*.svg=38;5;13:*.svgz=38;5;13:*.mng=38;5;13:*.pcx=38;5;13:*.mov=38;5;13:*.mpg=38;5;13:*.mpeg=38;5;13:*.m2v=38;5;13:*.mkv=38;5;13:*.webm=38;5;13:*.ogm=38;5;13:*.mp4=38;5;13:*.m4v=38;5;13:*.mp4v=38;5;13:*.vob=38;5;13:*.qt=38;5;13:*.nuv=38;5;13:*.wmv=38;5;13:*.asf=38;5;13:*.rm=38;5;13:*.rmvb=38;5;13:*.flc=38;5;13:*.avi=38;5;13:*.fli=38;5;13:*.flv=38;5;13:*.gl=38;5;13:*.dl=38;5;13:*.xcf=38;5;13:*.xwd=38;5;13:*.yuv=38;5;13:*.cgm=38;5;13:*.emf=38;5;13:*.ogv=38;5;13:*.ogx=38;5;13:*.aac=38;5;45:*.au=38;5;45:*.flac=38;5;45:*.m4a=38;5;45:*.mid=38;5;45:*.midi=38;5;45:*.mka=38;5;45:*.mp3=38;5;45:*.mpc=38;5;45:*.ogg=38;5;45:*.ra=38;5;45:*.wav=38;5;45:*.oga=38;5;45:*.opus=38;5;45:*.spx=38;5;45:*.xspf=38;5;45:, SHLVL=3, LOADEDMODULES=python-sphinx/python3-sphinx, MANPATH=:, QT_IM_MODULE=ibus, HISTSIZE=1000, JAVA_HOME=/usr/lib/jvm/java-11-openjdk-11.0.4.11-0.fc29.x86_64, TERM=xterm-256color, GNOME_TERMINAL_SERVICE=:1.73, ENV=/usr/share/Modules/init/profile.sh, XDG_SEAT_PATH=/org/freedesktop/DisplayManager/Seat0, LANG=en_US.UTF-8, XDG_SESSION_TYPE=x11, XDG_SESSION_ID=14, MODULES_RUN_QUARANTINE=LD_LIBRARY_PATH, BASH_FUNC_switchml%%=() {  typeset swfound=1;
 if [ "${MODULES_USE_COMPAT_VERSION:-0}" = '1' ]; then
 typeset swname='main';
 if [ -e /usr/share/Modules/libexec/modulecmd.tcl ]; then
 typeset swfound=0;
 unset MODULES_USE_COMPAT_VERSION;
 fi;
 else
 typeset swname='compatibility';
 if [ -e /usr/share/Modules/libexec/modulecmd-compat ]; then
 typeset swfound=0;
 MODULES_USE_COMPAT_VERSION=1;
 export MODULES_USE_COMPAT_VERSION;
 fi;
 fi;
 if [ $swfound -eq 0 ]; then
 echo "Switching to Modules $swname version";
 source /usr/share/Modules/init/bash;
 else
 echo "Cannot switch to Modules $swname version, command not found";
 return 1;
 fi
}, MODULES_LMCONFLICT=python-sphinx/python3-sphinx&python-sphinx, DISPLAY=:0, BASH_FUNC_module%%=() {  _module_raw "$@" 2>&1
}, MODULES_LMCONFLICT_modshare=python-sphinx/python3-sphinx&python-sphinx:1, MAVEN_CMD_LINE_ARGS= package, _=/usr/lib/jvm/java-11-openjdk-11.0.4.11-0.fc29.x86_64/bin/java, LOADEDMODULES_modshare=python-sphinx/python3-sphinx:1, CVS_RSH=ssh, XDG_GREETER_DATA_DIR=/var/lib/lightdm-data/zhiyuning, _JP_JAVACMD_OPTS= -agentpath:/usr/lib/abrt-java-connector/libabrt-java-connector.so=abrt=on,, MAVEN_PROJECTBASEDIR=/cs/student/zhiyuning/cs56/lab06/lab06-zhiyuning, DESKTOP_SESSION=gnome, JAVACMD=/usr/lib/jvm/java-11-openjdk-11.0.4.11-0.fc29.x86_64/bin/java, _LMFILES__modshare=/usr/share/modulefiles/python-sphinx/python3-sphinx:1, USER=zhiyuning, XDG_MENU_PREFIX=gnome-, VTE_VERSION=5404, GJS_DEBUG_OUTPUT=stderr, XDG_SEAT=seat0, SSH_AUTH_SOCK=/tmp/ssh-f9RCvlMeSMah/agent.16066, HOSTNAME=cstl-28.cs.ucsb.edu, PATH_modshare=/bin:1:/usr/sbin:1:/var/lib/snapd/snap/bin:1:/usr/bin:1:/usr/local/sbin:1:/usr/libexec/python3-sphinx:1:/usr/share/Modules/bin:1:/usr/lib64/ccache:1:/usr/local/bin:1, MODULESHOME=/usr/share/Modules, BASH_FUNC__module_raw%%=() {  unset _mlshdbg;
 if [ "${MODULES_SILENT_SHELL_DEBUG:-0}" = '1' ]; then
 case "$-" in 
 *v*x*)
 set +vx;
 _mlshdbg='vx'
 ;;
 *v*)
 set +v;
 _mlshdbg='v'
 ;;
 *x*)
 set +x;
 _mlshdbg='x'
 ;;
 *)
 _mlshdbg=''
 ;;
 esac;
 fi;
 unset _mlre _mlIFS;
 if [ -n "${IFS+x}" ]; then
 _mlIFS=$IFS;
 fi;
 IFS=' ';
 for _mlv in ${MODULES_RUN_QUARANTINE:-};
 do
 if [ "${_mlv}" = "${_mlv##*[!A-Za-z0-9_]}" -a "${_mlv}" = "${_mlv#[0-9]}" ]; then
 if [ -n "`eval 'echo ${'$_mlv'+x}'`" ]; then
 _mlre="${_mlre:-}${_mlv}_modquar='`eval 'echo ${'$_mlv'}'`' ";
 fi;
 _mlrv="MODULES_RUNENV_${_mlv}";
 _mlre="${_mlre:-}${_mlv}='`eval 'echo ${'$_mlrv':-}'`' ";
 fi;
 done;
 if [ -n "${_mlre:-}" ]; then
 eval `eval ${_mlre}/usr/bin/tclsh /usr/share/Modules/libexec/modulecmd.tcl bash '"$@"'`;
 else
 eval `/usr/bin/tclsh /usr/share/Modules/libexec/modulecmd.tcl bash "$@"`;
 fi;
 _mlstatus=$?;
 if [ -n "${_mlIFS+x}" ]; then
 IFS=$_mlIFS;
 else
 unset IFS;
 fi;
 unset _mlre _mlv _mlrv _mlIFS;
 if [ -n "${_mlshdbg:-}" ]; then
 set -$_mlshdbg;
 fi;
 unset _mlshdbg;
 return $_mlstatus
}, MODULES_CMD=/usr/share/Modules/libexec/modulecmd.tcl, KDEDIRS=/usr, XDG_RUNTIME_DIR=/run/user/38220, XDG_VTNR=1, HOME=/cs/student/zhiyuning}}]
19:32:20.220 [main] DEBUG org.springframework.core.io.support.PathMatchingResourcePatternResolver - Resolved classpath location [hello/] to resources [URL [file:/cs/student/zhiyuning/cs56/lab06/lab06-zhiyuning/target/test-classes/hello/], URL [file:/cs/student/zhiyuning/cs56/lab06/lab06-zhiyuning/target/classes/hello/]]
19:32:20.221 [main] DEBUG org.springframework.core.io.support.PathMatchingResourcePatternResolver - Looking for matching resources in directory tree [/cs/student/zhiyuning/cs56/lab06/lab06-zhiyuning/target/test-classes/hello]
19:32:20.221 [main] DEBUG org.springframework.core.io.support.PathMatchingResourcePatternResolver - Searching directory [/cs/student/zhiyuning/cs56/lab06/lab06-zhiyuning/target/test-classes/hello] for files matching pattern [/cs/student/zhiyuning/cs56/lab06/lab06-zhiyuning/target/test-classes/hello/*.class]
19:32:20.224 [main] DEBUG org.springframework.core.io.support.PathMatchingResourcePatternResolver - Looking for matching resources in directory tree [/cs/student/zhiyuning/cs56/lab06/lab06-zhiyuning/target/classes/hello]
19:32:20.224 [main] DEBUG org.springframework.core.io.support.PathMatchingResourcePatternResolver - Searching directory [/cs/student/zhiyuning/cs56/lab06/lab06-zhiyuning/target/classes/hello] for files matching pattern [/cs/student/zhiyuning/cs56/lab06/lab06-zhiyuning/target/classes/hello/*.class]
19:32:20.226 [main] DEBUG org.springframework.core.io.support.PathMatchingResourcePatternResolver - Resolved location pattern [classpath*:hello/*.class] to resources [file [/cs/student/zhiyuning/cs56/lab06/lab06-zhiyuning/target/test-classes/hello/BootstrapLiterals.class], file [/cs/student/zhiyuning/cs56/lab06/lab06-zhiyuning/target/test-classes/hello/HomePageTest.class], file [/cs/student/zhiyuning/cs56/lab06/lab06-zhiyuning/target/classes/hello/Application.class], file [/cs/student/zhiyuning/cs56/lab06/lab06-zhiyuning/target/classes/hello/AuthControllerAdvice.class], file [/cs/student/zhiyuning/cs56/lab06/lab06-zhiyuning/target/classes/hello/GithubOrgMembershipService.class], file [/cs/student/zhiyuning/cs56/lab06/lab06-zhiyuning/target/classes/hello/MembershipService.class], file [/cs/student/zhiyuning/cs56/lab06/lab06-zhiyuning/target/classes/hello/WebController.class]]
19:32:20.269 [main] DEBUG org.springframework.context.annotation.ClassPathScanningCandidateComponentProvider - Identified candidate component class: file [/cs/student/zhiyuning/cs56/lab06/lab06-zhiyuning/target/classes/hello/Application.class]
19:32:20.289 [main] INFO org.springframework.boot.test.context.SpringBootTestContextBootstrapper - Found @SpringBootConfiguration hello.Application for test class hello.HomePageTest
19:32:20.356 [main] DEBUG org.springframework.boot.test.context.SpringBootTestContextBootstrapper - @TestExecutionListeners is not present for class [hello.HomePageTest]: using defaults.
19:32:20.356 [main] INFO org.springframework.boot.test.context.SpringBootTestContextBootstrapper - Loaded default TestExecutionListener class names from location [META-INF/spring.factories]: [org.springframework.boot.test.mock.mockito.MockitoTestExecutionListener, org.springframework.boot.test.mock.mockito.ResetMocksTestExecutionListener, org.springframework.boot.test.autoconfigure.restdocs.RestDocsTestExecutionListener, org.springframework.boot.test.autoconfigure.web.client.MockRestServiceServerResetTestExecutionListener, org.springframework.boot.test.autoconfigure.web.servlet.MockMvcPrintOnlyOnFailureTestExecutionListener, org.springframework.boot.test.autoconfigure.web.servlet.WebDriverTestExecutionListener, org.springframework.test.context.web.ServletTestExecutionListener, org.springframework.test.context.support.DirtiesContextBeforeModesTestExecutionListener, org.springframework.test.context.support.DependencyInjectionTestExecutionListener, org.springframework.test.context.support.DirtiesContextTestExecutionListener, org.springframework.test.context.transaction.TransactionalTestExecutionListener, org.springframework.test.context.jdbc.SqlScriptsTestExecutionListener]
19:32:20.363 [main] DEBUG org.springframework.boot.test.context.SpringBootTestContextBootstrapper - Skipping candidate TestExecutionListener [org.springframework.test.context.transaction.TransactionalTestExecutionListener] due to a missing dependency. Specify custom listener classes or make the default listener classes and their required dependencies available. Offending class: [org/springframework/transaction/interceptor/TransactionAttributeSource]
19:32:20.363 [main] DEBUG org.springframework.boot.test.context.SpringBootTestContextBootstrapper - Skipping candidate TestExecutionListener [org.springframework.test.context.jdbc.SqlScriptsTestExecutionListener] due to a missing dependency. Specify custom listener classes or make the default listener classes and their required dependencies available. Offending class: [org/springframework/transaction/interceptor/TransactionAttribute]
19:32:20.363 [main] INFO org.springframework.boot.test.context.SpringBootTestContextBootstrapper - Using TestExecutionListeners: [org.springframework.test.context.web.ServletTestExecutionListener@7a5ceedd, org.springframework.test.context.support.DirtiesContextBeforeModesTestExecutionListener@4201c465, org.springframework.boot.test.mock.mockito.MockitoTestExecutionListener@5b799640, org.springframework.boot.test.autoconfigure.SpringBootDependencyInjectionTestExecutionListener@6cb107fd, org.springframework.test.context.support.DirtiesContextTestExecutionListener@710636b0, org.springframework.boot.test.mock.mockito.ResetMocksTestExecutionListener@3de8f619, org.springframework.boot.test.autoconfigure.restdocs.RestDocsTestExecutionListener@2ab4bc72, org.springframework.boot.test.autoconfigure.web.client.MockRestServiceServerResetTestExecutionListener@4e5ed836, org.springframework.boot.test.autoconfigure.web.servlet.MockMvcPrintOnlyOnFailureTestExecutionListener@eadd4fb, org.springframework.boot.test.autoconfigure.web.servlet.WebDriverTestExecutionListener@740fb309]
19:32:20.365 [main] DEBUG org.springframework.test.annotation.ProfileValueUtils - Retrieved @ProfileValueSourceConfiguration [null] for test class [hello.HomePageTest]
19:32:20.365 [main] DEBUG org.springframework.test.annotation.ProfileValueUtils - Retrieved ProfileValueSource type [class org.springframework.test.annotation.SystemProfileValueSource] for class [hello.HomePageTest]
19:32:20.366 [main] DEBUG org.springframework.test.annotation.ProfileValueUtils - Retrieved @ProfileValueSourceConfiguration [null] for test class [hello.HomePageTest]
19:32:20.366 [main] DEBUG org.springframework.test.annotation.ProfileValueUtils - Retrieved ProfileValueSource type [class org.springframework.test.annotation.SystemProfileValueSource] for class [hello.HomePageTest]
19:32:20.366 [main] DEBUG org.springframework.test.annotation.ProfileValueUtils - Retrieved @ProfileValueSourceConfiguration [null] for test class [hello.HomePageTest]
19:32:20.366 [main] DEBUG org.springframework.test.annotation.ProfileValueUtils - Retrieved ProfileValueSource type [class org.springframework.test.annotation.SystemProfileValueSource] for class [hello.HomePageTest]
19:32:20.370 [main] DEBUG org.springframework.test.context.support.AbstractDirtiesContextTestExecutionListener - Before test class: context [DefaultTestContext@4d15107f testClass = HomePageTest, testInstance = [null], testMethod = [null], testException = [null], mergedContextConfiguration = [WebMergedContextConfiguration@7b4c50bc testClass = HomePageTest, locations = '{}', classes = '{class hello.Application}', contextInitializerClasses = '[]', activeProfiles = '{}', propertySourceLocations = '{}', propertySourceProperties = '{org.springframework.boot.test.context.SpringBootTestContextBootstrapper=true}', contextCustomizers = set[[ImportsContextCustomizer@5884a914 key = [org.springframework.boot.test.autoconfigure.web.servlet.MockMvcAutoConfiguration, org.springframework.boot.test.autoconfigure.web.servlet.MockMvcSecurityAutoConfiguration, org.springframework.boot.test.autoconfigure.web.servlet.MockMvcWebClientAutoConfiguration, org.springframework.boot.test.autoconfigure.web.servlet.MockMvcWebDriverAutoConfiguration]], org.springframework.boot.test.context.filter.ExcludeFilterContextCustomizer@333291e3, org.springframework.boot.test.json.DuplicateJsonObjectContextCustomizerFactory$DuplicateJsonObjectContextCustomizer@498d318c, org.springframework.boot.test.mock.mockito.MockitoContextCustomizer@0, org.springframework.boot.test.web.client.TestRestTemplateContextCustomizer@74e52303, org.springframework.boot.test.autoconfigure.properties.PropertyMappingContextCustomizer@e7e8512, org.springframework.boot.test.autoconfigure.web.servlet.WebDriverContextCustomizerFactory$Customizer@59309333], resourceBasePath = 'src/main/webapp', contextLoader = 'org.springframework.boot.test.context.SpringBootContextLoader', parent = [null]], attributes = map['org.springframework.test.context.web.ServletTestExecutionListener.activateListener' -> true]], class annotated with @DirtiesContext [false] with mode [null].
19:32:20.370 [main] DEBUG org.springframework.test.annotation.ProfileValueUtils - Retrieved @ProfileValueSourceConfiguration [null] for test class [hello.HomePageTest]
19:32:20.370 [main] DEBUG org.springframework.test.annotation.ProfileValueUtils - Retrieved ProfileValueSource type [class org.springframework.test.annotation.SystemProfileValueSource] for class [hello.HomePageTest]
19:32:20.387 [main] DEBUG org.springframework.core.env.StandardEnvironment - Adding PropertySource 'systemProperties' with lowest search precedence
19:32:20.387 [main] DEBUG org.springframework.core.env.StandardEnvironment - Adding PropertySource 'systemEnvironment' with lowest search precedence
19:32:20.387 [main] DEBUG org.springframework.core.env.StandardEnvironment - Initialized StandardEnvironment with PropertySources [MapPropertySource@1552341957 {name='systemProperties', properties={awt.toolkit=sun.awt.X11.XToolkit, java.specification.version=11, sun.cpu.isalist=, sun.jnu.encoding=UTF-8, java.class.path=/cs/student/zhiyuning/cs56/lab06/lab06-zhiyuning/target/test-classes:/cs/student/zhiyuning/cs56/lab06/lab06-zhiyuning/target/classes:/cs/student/zhiyuning/.m2/repository/org/springframework/boot/spring-boot-starter-web/2.0.5.RELEASE/spring-boot-starter-web-2.0.5.RELEASE.jar:/cs/student/zhiyuning/.m2/repository/org/springframework/boot/spring-boot-starter/2.0.5.RELEASE/spring-boot-starter-2.0.5.RELEASE.jar:/cs/student/zhiyuning/.m2/repository/org/springframework/boot/spring-boot-starter-logging/2.0.5.RELEASE/spring-boot-starter-logging-2.0.5.RELEASE.jar:/cs/student/zhiyuning/.m2/repository/ch/qos/logback/logback-classic/1.2.3/logback-classic-1.2.3.jar:/cs/student/zhiyuning/.m2/repository/ch/qos/logback/logback-core/1.2.3/logback-core-1.2.3.jar:/cs/student/zhiyuning/.m2/repository/org/apache/logging/log4j/log4j-to-slf4j/2.10.0/log4j-to-slf4j-2.10.0.jar:/cs/student/zhiyuning/.m2/repository/org/apache/logging/log4j/log4j-api/2.10.0/log4j-api-2.10.0.jar:/cs/student/zhiyuning/.m2/repository/org/slf4j/jul-to-slf4j/1.7.25/jul-to-slf4j-1.7.25.jar:/cs/student/zhiyuning/.m2/repository/javax/annotation/javax.annotation-api/1.3.2/javax.annotation-api-1.3.2.jar:/cs/student/zhiyuning/.m2/repository/org/yaml/snakeyaml/1.19/snakeyaml-1.19.jar:/cs/student/zhiyuning/.m2/repository/org/springframework/boot/spring-boot-starter-json/2.0.5.RELEASE/spring-boot-starter-json-2.0.5.RELEASE.jar:/cs/student/zhiyuning/.m2/repository/com/fasterxml/jackson/core/jackson-databind/2.9.6/jackson-databind-2.9.6.jar:/cs/student/zhiyuning/.m2/repository/com/fasterxml/jackson/core/jackson-annotations/2.9.0/jackson-annotations-2.9.0.jar:/cs/student/zhiyuning/.m2/repository/com/fasterxml/jackson/core/jackson-core/2.9.6/jackson-core-2.9.6.jar:/cs/student/zhiyuning/.m2/repository/com/fasterxml/jackson/datatype/jackson-datatype-jdk8/2.9.6/jackson-datatype-jdk8-2.9.6.jar:/cs/student/zhiyuning/.m2/repository/com/fasterxml/jackson/datatype/jackson-datatype-jsr310/2.9.6/jackson-datatype-jsr310-2.9.6.jar:/cs/student/zhiyuning/.m2/repository/com/fasterxml/jackson/module/jackson-module-parameter-names/2.9.6/jackson-module-parameter-names-2.9.6.jar:/cs/student/zhiyuning/.m2/repository/org/springframework/boot/spring-boot-starter-tomcat/2.0.5.RELEASE/spring-boot-starter-tomcat-2.0.5.RELEASE.jar:/cs/student/zhiyuning/.m2/repository/org/apache/tomcat/embed/tomcat-embed-core/8.5.34/tomcat-embed-core-8.5.34.jar:/cs/student/zhiyuning/.m2/repository/org/apache/tomcat/embed/tomcat-embed-el/8.5.34/tomcat-embed-el-8.5.34.jar:/cs/student/zhiyuning/.m2/repository/org/apache/tomcat/embed/tomcat-embed-websocket/8.5.34/tomcat-embed-websocket-8.5.34.jar:/cs/student/zhiyuning/.m2/repository/org/hibernate/validator/hibernate-validator/6.0.12.Final/hibernate-validator-6.0.12.Final.jar:/cs/student/zhiyuning/.m2/repository/javax/validation/validation-api/2.0.1.Final/validation-api-2.0.1.Final.jar:/cs/student/zhiyuning/.m2/repository/org/jboss/logging/jboss-logging/3.3.2.Final/jboss-logging-3.3.2.Final.jar:/cs/student/zhiyuning/.m2/repository/com/fasterxml/classmate/1.3.4/classmate-1.3.4.jar:/cs/student/zhiyuning/.m2/repository/org/springframework/spring-web/5.0.9.RELEASE/spring-web-5.0.9.RELEASE.jar:/cs/student/zhiyuning/.m2/repository/org/springframework/spring-beans/5.0.9.RELEASE/spring-beans-5.0.9.RELEASE.jar:/cs/student/zhiyuning/.m2/repository/org/springframework/spring-webmvc/5.0.9.RELEASE/spring-webmvc-5.0.9.RELEASE.jar:/cs/student/zhiyuning/.m2/repository/org/springframework/spring-context/5.0.9.RELEASE/spring-context-5.0.9.RELEASE.jar:/cs/student/zhiyuning/.m2/repository/org/springframework/spring-expression/5.0.9.RELEASE/spring-expression-5.0.9.RELEASE.jar:/cs/student/zhiyuning/.m2/repository/org/springframework/boot/spring-boot-starter-thymeleaf/2.0.5.RELEASE/spring-boot-starter-thymeleaf-2.0.5.RELEASE.jar:/cs/student/zhiyuning/.m2/repository/org/thymeleaf/thymeleaf-spring5/3.0.9.RELEASE/thymeleaf-spring5-3.0.9.RELEASE.jar:/cs/student/zhiyuning/.m2/repository/org/thymeleaf/thymeleaf/3.0.9.RELEASE/thymeleaf-3.0.9.RELEASE.jar:/cs/student/zhiyuning/.m2/repository/org/attoparser/attoparser/2.0.4.RELEASE/attoparser-2.0.4.RELEASE.jar:/cs/student/zhiyuning/.m2/repository/org/unbescape/unbescape/1.1.5.RELEASE/unbescape-1.1.5.RELEASE.jar:/cs/student/zhiyuning/.m2/repository/org/thymeleaf/extras/thymeleaf-extras-java8time/3.0.1.RELEASE/thymeleaf-extras-java8time-3.0.1.RELEASE.jar:/cs/student/zhiyuning/.m2/repository/org/springframework/boot/spring-boot-starter-security/2.0.5.RELEASE/spring-boot-starter-security-2.0.5.RELEASE.jar:/cs/student/zhiyuning/.m2/repository/org/springframework/spring-aop/5.0.9.RELEASE/spring-aop-5.0.9.RELEASE.jar:/cs/student/zhiyuning/.m2/repository/org/springframework/security/spring-security-config/5.0.8.RELEASE/spring-security-config-5.0.8.RELEASE.jar:/cs/student/zhiyuning/.m2/repository/org/springframework/security/spring-security-web/5.0.8.RELEASE/spring-security-web-5.0.8.RELEASE.jar:/cs/student/zhiyuning/.m2/repository/org/springframework/boot/spring-boot-devtools/2.0.5.RELEASE/spring-boot-devtools-2.0.5.RELEASE.jar:/cs/student/zhiyuning/.m2/repository/org/springframework/boot/spring-boot/2.0.5.RELEASE/spring-boot-2.0.5.RELEASE.jar:/cs/student/zhiyuning/.m2/repository/org/springframework/boot/spring-boot-autoconfigure/2.0.5.RELEASE/spring-boot-autoconfigure-2.0.5.RELEASE.jar:/cs/student/zhiyuning/.m2/repository/org/springframework/security/spring-security-oauth2-client/5.0.8.RELEASE/spring-security-oauth2-client-5.0.8.RELEASE.jar:/cs/student/zhiyuning/.m2/repository/com/nimbusds/oauth2-oidc-sdk/5.64.4/oauth2-oidc-sdk-5.64.4.jar:/cs/student/zhiyuning/.m2/repository/com/sun/mail/javax.mail/1.6.2/javax.mail-1.6.2.jar:/cs/student/zhiyuning/.m2/repository/javax/activation/activation/1.1/activation-1.1.jar:/cs/student/zhiyuning/.m2/repository/com/github/stephenc/jcip/jcip-annotations/1.0-1/jcip-annotations-1.0-1.jar:/cs/student/zhiyuning/.m2/repository/net/minidev/json-smart/2.3/json-smart-2.3.jar:/cs/student/zhiyuning/.m2/repository/net/minidev/accessors-smart/1.2/accessors-smart-1.2.jar:/cs/student/zhiyuning/.m2/repository/org/ow2/asm/asm/5.0.4/asm-5.0.4.jar:/cs/student/zhiyuning/.m2/repository/com/nimbusds/lang-tag/1.4.4/lang-tag-1.4.4.jar:/cs/student/zhiyuning/.m2/repository/org/springframework/security/spring-security-core/5.0.8.RELEASE/spring-security-core-5.0.8.RELEASE.jar:/cs/student/zhiyuning/.m2/repository/org/springframework/security/spring-security-oauth2-core/5.0.8.RELEASE/spring-security-oauth2-core-5.0.8.RELEASE.jar:/cs/student/zhiyuning/.m2/repository/org/springframework/spring-core/5.0.9.RELEASE/spring-core-5.0.9.RELEASE.jar:/cs/student/zhiyuning/.m2/repository/org/springframework/spring-jcl/5.0.9.RELEASE/spring-jcl-5.0.9.RELEASE.jar:/cs/student/zhiyuning/.m2/repository/org/springframework/security/spring-security-oauth2-jose/5.0.8.RELEASE/spring-security-oauth2-jose-5.0.8.RELEASE.jar:/cs/student/zhiyuning/.m2/repository/com/nimbusds/nimbus-jose-jwt/5.14/nimbus-jose-jwt-5.14.jar:/cs/student/zhiyuning/.m2/repository/org/springframework/boot/spring-boot-starter-test/2.0.5.RELEASE/spring-boot-starter-test-2.0.5.RELEASE.jar:/cs/student/zhiyuning/.m2/repository/org/springframework/boot/spring-boot-test/2.0.5.RELEASE/spring-boot-test-2.0.5.RELEASE.jar:/cs/student/zhiyuning/.m2/repository/org/springframework/boot/spring-boot-test-autoconfigure/2.0.5.RELEASE/spring-boot-test-autoconfigure-2.0.5.RELEASE.jar:/cs/student/zhiyuning/.m2/repository/com/jayway/jsonpath/json-path/2.4.0/json-path-2.4.0.jar:/cs/student/zhiyuning/.m2/repository/junit/junit/4.12/junit-4.12.jar:/cs/student/zhiyuning/.m2/repository/org/assertj/assertj-core/3.9.1/assertj-core-3.9.1.jar:/cs/student/zhiyuning/.m2/repository/org/mockito/mockito-core/2.15.0/mockito-core-2.15.0.jar:/cs/student/zhiyuning/.m2/repository/net/bytebuddy/byte-buddy/1.7.11/byte-buddy-1.7.11.jar:/cs/student/zhiyuning/.m2/repository/net/bytebuddy/byte-buddy-agent/1.7.11/byte-buddy-agent-1.7.11.jar:/cs/student/zhiyuning/.m2/repository/org/objenesis/objenesis/2.6/objenesis-2.6.jar:/cs/student/zhiyuning/.m2/repository/org/hamcrest/hamcrest-core/1.3/hamcrest-core-1.3.jar:/cs/student/zhiyuning/.m2/repository/org/hamcrest/hamcrest-library/1.3/hamcrest-library-1.3.jar:/cs/student/zhiyuning/.m2/repository/org/skyscreamer/jsonassert/1.5.0/jsonassert-1.5.0.jar:/cs/student/zhiyuning/.m2/repository/com/vaadin/external/google/android-json/0.0.20131108.vaadin1/android-json-0.0.20131108.vaadin1.jar:/cs/student/zhiyuning/.m2/repository/org/springframework/spring-test/5.0.9.RELEASE/spring-test-5.0.9.RELEASE.jar:/cs/student/zhiyuning/.m2/repository/org/xmlunit/xmlunit-core/2.5.1/xmlunit-core-2.5.1.jar:/cs/student/zhiyuning/.m2/repository/org/webjars/font-awesome/5.11.2/font-awesome-5.11.2.jar:/cs/student/zhiyuning/.m2/repository/org/thymeleaf/extras/thymeleaf-extras-springsecurity5/3.0.4.RELEASE/thymeleaf-extras-springsecurity5-3.0.4.RELEASE.jar:/cs/student/zhiyuning/.m2/repository/org/slf4j/slf4j-api/1.7.25/slf4j-api-1.7.25.jar:/cs/student/zhiyuning/.m2/repository/com/jcabi/jcabi-github/1.0/jcabi-github-1.0.jar:/cs/student/zhiyuning/.m2/repository/com/jcabi/jcabi-aspects/0.22.5/jcabi-aspects-0.22.5.jar:/cs/student/zhiyuning/.m2/repository/com/jcabi/jcabi-immutable/1.4/jcabi-immutable-1.4.jar:/cs/student/zhiyuning/.m2/repository/com/jcabi/jcabi-xml/0.18.1/jcabi-xml-0.18.1.jar:/cs/student/zhiyuning/.m2/repository/com/jcabi/jcabi-http/1.16/jcabi-http-1.16.jar:/cs/student/zhiyuning/.m2/repository/com/jcabi/jcabi-manifests/1.1/jcabi-manifests-1.1.jar:/cs/student/zhiyuning/.m2/repository/com/jcabi/incubator/xembly/0.22/xembly-0.22.jar:/cs/student/zhiyuning/.m2/repository/org/antlr/antlr-runtime/3.5.2/antlr-runtime-3.5.2.jar:/cs/student/zhiyuning/.m2/repository/com/jcabi/jcabi-log/0.17.2/jcabi-log-0.17.2.jar:/cs/student/zhiyuning/.m2/repository/commons-io/commons-io/2.4/commons-io-2.4.jar:/cs/student/zhiyuning/.m2/repository/org/apache/commons/commons-lang3/3.7/commons-lang3-3.7.jar:/cs/student/zhiyuning/.m2/repository/com/google/guava/guava/19.0-rc2/guava-19.0-rc2.jar:/cs/student/zhiyuning/.m2/repository/org/aspectj/aspectjrt/1.8.13/aspectjrt-1.8.13.jar:/cs/student/zhiyuning/.m2/repository/org/glassfish/javax.json/1.0.4/javax.json-1.0.4.jar:/cs/student/zhiyuning/.m2/repository/org/glassfish/jersey/core/jersey-server/2.26/jersey-server-2.26.jar:/cs/student/zhiyuning/.m2/repository/org/glassfish/jersey/core/jersey-common/2.26/jersey-common-2.26.jar:/cs/student/zhiyuning/.m2/repository/org/glassfish/hk2/osgi-resource-locator/1.0.1/osgi-resource-locator-1.0.1.jar:/cs/student/zhiyuning/.m2/repository/org/glassfish/jersey/core/jersey-client/2.26/jersey-client-2.26.jar:/cs/student/zhiyuning/.m2/repository/javax/ws/rs/javax.ws.rs-api/2.1/javax.ws.rs-api-2.1.jar:/cs/student/zhiyuning/.m2/repository/org/glassfish/jersey/media/jersey-media-jaxb/2.26/jersey-media-jaxb-2.26.jar:/cs/student/zhiyuning/.m2/repository/org/glassfish/hk2/external/javax.inject/2.5.0-b42/javax.inject-2.5.0-b42.jar:/cs/student/zhiyuning/.m2/repository/org/apache/httpcomponents/httpcore/4.4.10/httpcore-4.4.10.jar:/cs/student/zhiyuning/.m2/repository/org/apache/httpcomponents/httpclient/4.5.6/httpclient-4.5.6.jar:/cs/student/zhiyuning/.m2/repository/commons-codec/commons-codec/1.11/commons-codec-1.11.jar:/cs/student/zhiyuning/.m2/repository/javax/json/javax.json-api/1.1.4/javax.json-api-1.1.4.jar:, java.vm.vendor=Oracle Corporation, sun.arch.data.model=64, java.vendor.url=http://java.oracle.com/, user.timezone=America/Los_Angeles, os.name=Linux, java.vm.specification.version=11, sun.java.launcher=SUN_STANDARD, user.country=US, sun.boot.library.path=/usr/lib/jvm/java-11-openjdk-11.0.4.11-0.fc29.x86_64/lib, sun.java.command=/cs/student/zhiyuning/cs56/lab06/lab06-zhiyuning/target/surefire/surefirebooter7791381547826767849.jar /cs/student/zhiyuning/cs56/lab06/lab06-zhiyuning/target/surefire 2019-10-31T19-32-19_136-jvmRun1 surefire13674928610781092094tmp surefire_02333838140977476414tmp, jdk.debug=release, surefire.test.class.path=/cs/student/zhiyuning/cs56/lab06/lab06-zhiyuning/target/test-classes:/cs/student/zhiyuning/cs56/lab06/lab06-zhiyuning/target/classes:/cs/student/zhiyuning/.m2/repository/org/springframework/boot/spring-boot-starter-web/2.0.5.RELEASE/spring-boot-starter-web-2.0.5.RELEASE.jar:/cs/student/zhiyuning/.m2/repository/org/springframework/boot/spring-boot-starter/2.0.5.RELEASE/spring-boot-starter-2.0.5.RELEASE.jar:/cs/student/zhiyuning/.m2/repository/org/springframework/boot/spring-boot-starter-logging/2.0.5.RELEASE/spring-boot-starter-logging-2.0.5.RELEASE.jar:/cs/student/zhiyuning/.m2/repository/ch/qos/logback/logback-classic/1.2.3/logback-classic-1.2.3.jar:/cs/student/zhiyuning/.m2/repository/ch/qos/logback/logback-core/1.2.3/logback-core-1.2.3.jar:/cs/student/zhiyuning/.m2/repository/org/apache/logging/log4j/log4j-to-slf4j/2.10.0/log4j-to-slf4j-2.10.0.jar:/cs/student/zhiyuning/.m2/repository/org/apache/logging/log4j/log4j-api/2.10.0/log4j-api-2.10.0.jar:/cs/student/zhiyuning/.m2/repository/org/slf4j/jul-to-slf4j/1.7.25/jul-to-slf4j-1.7.25.jar:/cs/student/zhiyuning/.m2/repository/javax/annotation/javax.annotation-api/1.3.2/javax.annotation-api-1.3.2.jar:/cs/student/zhiyuning/.m2/repository/org/yaml/snakeyaml/1.19/snakeyaml-1.19.jar:/cs/student/zhiyuning/.m2/repository/org/springframework/boot/spring-boot-starter-json/2.0.5.RELEASE/spring-boot-starter-json-2.0.5.RELEASE.jar:/cs/student/zhiyuning/.m2/repository/com/fasterxml/jackson/core/jackson-databind/2.9.6/jackson-databind-2.9.6.jar:/cs/student/zhiyuning/.m2/repository/com/fasterxml/jackson/core/jackson-annotations/2.9.0/jackson-annotations-2.9.0.jar:/cs/student/zhiyuning/.m2/repository/com/fasterxml/jackson/core/jackson-core/2.9.6/jackson-core-2.9.6.jar:/cs/student/zhiyuning/.m2/repository/com/fasterxml/jackson/datatype/jackson-datatype-jdk8/2.9.6/jackson-datatype-jdk8-2.9.6.jar:/cs/student/zhiyuning/.m2/repository/com/fasterxml/jackson/datatype/jackson-datatype-jsr310/2.9.6/jackson-datatype-jsr310-2.9.6.jar:/cs/student/zhiyuning/.m2/repository/com/fasterxml/jackson/module/jackson-module-parameter-names/2.9.6/jackson-module-parameter-names-2.9.6.jar:/cs/student/zhiyuning/.m2/repository/org/springframework/boot/spring-boot-starter-tomcat/2.0.5.RELEASE/spring-boot-starter-tomcat-2.0.5.RELEASE.jar:/cs/student/zhiyuning/.m2/repository/org/apache/tomcat/embed/tomcat-embed-core/8.5.34/tomcat-embed-core-8.5.34.jar:/cs/student/zhiyuning/.m2/repository/org/apache/tomcat/embed/tomcat-embed-el/8.5.34/tomcat-embed-el-8.5.34.jar:/cs/student/zhiyuning/.m2/repository/org/apache/tomcat/embed/tomcat-embed-websocket/8.5.34/tomcat-embed-websocket-8.5.34.jar:/cs/student/zhiyuning/.m2/repository/org/hibernate/validator/hibernate-validator/6.0.12.Final/hibernate-validator-6.0.12.Final.jar:/cs/student/zhiyuning/.m2/repository/javax/validation/validation-api/2.0.1.Final/validation-api-2.0.1.Final.jar:/cs/student/zhiyuning/.m2/repository/org/jboss/logging/jboss-logging/3.3.2.Final/jboss-logging-3.3.2.Final.jar:/cs/student/zhiyuning/.m2/repository/com/fasterxml/classmate/1.3.4/classmate-1.3.4.jar:/cs/student/zhiyuning/.m2/repository/org/springframework/spring-web/5.0.9.RELEASE/spring-web-5.0.9.RELEASE.jar:/cs/student/zhiyuning/.m2/repository/org/springframework/spring-beans/5.0.9.RELEASE/spring-beans-5.0.9.RELEASE.jar:/cs/student/zhiyuning/.m2/repository/org/springframework/spring-webmvc/5.0.9.RELEASE/spring-webmvc-5.0.9.RELEASE.jar:/cs/student/zhiyuning/.m2/repository/org/springframework/spring-context/5.0.9.RELEASE/spring-context-5.0.9.RELEASE.jar:/cs/student/zhiyuning/.m2/repository/org/springframework/spring-expression/5.0.9.RELEASE/spring-expression-5.0.9.RELEASE.jar:/cs/student/zhiyuning/.m2/repository/org/springframework/boot/spring-boot-starter-thymeleaf/2.0.5.RELEASE/spring-boot-starter-thymeleaf-2.0.5.RELEASE.jar:/cs/student/zhiyuning/.m2/repository/org/thymeleaf/thymeleaf-spring5/3.0.9.RELEASE/thymeleaf-spring5-3.0.9.RELEASE.jar:/cs/student/zhiyuning/.m2/repository/org/thymeleaf/thymeleaf/3.0.9.RELEASE/thymeleaf-3.0.9.RELEASE.jar:/cs/student/zhiyuning/.m2/repository/org/attoparser/attoparser/2.0.4.RELEASE/attoparser-2.0.4.RELEASE.jar:/cs/student/zhiyuning/.m2/repository/org/unbescape/unbescape/1.1.5.RELEASE/unbescape-1.1.5.RELEASE.jar:/cs/student/zhiyuning/.m2/repository/org/thymeleaf/extras/thymeleaf-extras-java8time/3.0.1.RELEASE/thymeleaf-extras-java8time-3.0.1.RELEASE.jar:/cs/student/zhiyuning/.m2/repository/org/springframework/boot/spring-boot-starter-security/2.0.5.RELEASE/spring-boot-starter-security-2.0.5.RELEASE.jar:/cs/student/zhiyuning/.m2/repository/org/springframework/spring-aop/5.0.9.RELEASE/spring-aop-5.0.9.RELEASE.jar:/cs/student/zhiyuning/.m2/repository/org/springframework/security/spring-security-config/5.0.8.RELEASE/spring-security-config-5.0.8.RELEASE.jar:/cs/student/zhiyuning/.m2/repository/org/springframework/security/spring-security-web/5.0.8.RELEASE/spring-security-web-5.0.8.RELEASE.jar:/cs/student/zhiyuning/.m2/repository/org/springframework/boot/spring-boot-devtools/2.0.5.RELEASE/spring-boot-devtools-2.0.5.RELEASE.jar:/cs/student/zhiyuning/.m2/repository/org/springframework/boot/spring-boot/2.0.5.RELEASE/spring-boot-2.0.5.RELEASE.jar:/cs/student/zhiyuning/.m2/repository/org/springframework/boot/spring-boot-autoconfigure/2.0.5.RELEASE/spring-boot-autoconfigure-2.0.5.RELEASE.jar:/cs/student/zhiyuning/.m2/repository/org/springframework/security/spring-security-oauth2-client/5.0.8.RELEASE/spring-security-oauth2-client-5.0.8.RELEASE.jar:/cs/student/zhiyuning/.m2/repository/com/nimbusds/oauth2-oidc-sdk/5.64.4/oauth2-oidc-sdk-5.64.4.jar:/cs/student/zhiyuning/.m2/repository/com/sun/mail/javax.mail/1.6.2/javax.mail-1.6.2.jar:/cs/student/zhiyuning/.m2/repository/javax/activation/activation/1.1/activation-1.1.jar:/cs/student/zhiyuning/.m2/repository/com/github/stephenc/jcip/jcip-annotations/1.0-1/jcip-annotations-1.0-1.jar:/cs/student/zhiyuning/.m2/repository/net/minidev/json-smart/2.3/json-smart-2.3.jar:/cs/student/zhiyuning/.m2/repository/net/minidev/accessors-smart/1.2/accessors-smart-1.2.jar:/cs/student/zhiyuning/.m2/repository/org/ow2/asm/asm/5.0.4/asm-5.0.4.jar:/cs/student/zhiyuning/.m2/repository/com/nimbusds/lang-tag/1.4.4/lang-tag-1.4.4.jar:/cs/student/zhiyuning/.m2/repository/org/springframework/security/spring-security-core/5.0.8.RELEASE/spring-security-core-5.0.8.RELEASE.jar:/cs/student/zhiyuning/.m2/repository/org/springframework/security/spring-security-oauth2-core/5.0.8.RELEASE/spring-security-oauth2-core-5.0.8.RELEASE.jar:/cs/student/zhiyuning/.m2/repository/org/springframework/spring-core/5.0.9.RELEASE/spring-core-5.0.9.RELEASE.jar:/cs/student/zhiyuning/.m2/repository/org/springframework/spring-jcl/5.0.9.RELEASE/spring-jcl-5.0.9.RELEASE.jar:/cs/student/zhiyuning/.m2/repository/org/springframework/security/spring-security-oauth2-jose/5.0.8.RELEASE/spring-security-oauth2-jose-5.0.8.RELEASE.jar:/cs/student/zhiyuning/.m2/repository/com/nimbusds/nimbus-jose-jwt/5.14/nimbus-jose-jwt-5.14.jar:/cs/student/zhiyuning/.m2/repository/org/springframework/boot/spring-boot-starter-test/2.0.5.RELEASE/spring-boot-starter-test-2.0.5.RELEASE.jar:/cs/student/zhiyuning/.m2/repository/org/springframework/boot/spring-boot-test/2.0.5.RELEASE/spring-boot-test-2.0.5.RELEASE.jar:/cs/student/zhiyuning/.m2/repository/org/springframework/boot/spring-boot-test-autoconfigure/2.0.5.RELEASE/spring-boot-test-autoconfigure-2.0.5.RELEASE.jar:/cs/student/zhiyuning/.m2/repository/com/jayway/jsonpath/json-path/2.4.0/json-path-2.4.0.jar:/cs/student/zhiyuning/.m2/repository/junit/junit/4.12/junit-4.12.jar:/cs/student/zhiyuning/.m2/repository/org/assertj/assertj-core/3.9.1/assertj-core-3.9.1.jar:/cs/student/zhiyuning/.m2/repository/org/mockito/mockito-core/2.15.0/mockito-core-2.15.0.jar:/cs/student/zhiyuning/.m2/repository/net/bytebuddy/byte-buddy/1.7.11/byte-buddy-1.7.11.jar:/cs/student/zhiyuning/.m2/repository/net/bytebuddy/byte-buddy-agent/1.7.11/byte-buddy-agent-1.7.11.jar:/cs/student/zhiyuning/.m2/repository/org/objenesis/objenesis/2.6/objenesis-2.6.jar:/cs/student/zhiyuning/.m2/repository/org/hamcrest/hamcrest-core/1.3/hamcrest-core-1.3.jar:/cs/student/zhiyuning/.m2/repository/org/hamcrest/hamcrest-library/1.3/hamcrest-library-1.3.jar:/cs/student/zhiyuning/.m2/repository/org/skyscreamer/jsonassert/1.5.0/jsonassert-1.5.0.jar:/cs/student/zhiyuning/.m2/repository/com/vaadin/external/google/android-json/0.0.20131108.vaadin1/android-json-0.0.20131108.vaadin1.jar:/cs/student/zhiyuning/.m2/repository/org/springframework/spring-test/5.0.9.RELEASE/spring-test-5.0.9.RELEASE.jar:/cs/student/zhiyuning/.m2/repository/org/xmlunit/xmlunit-core/2.5.1/xmlunit-core-2.5.1.jar:/cs/student/zhiyuning/.m2/repository/org/webjars/font-awesome/5.11.2/font-awesome-5.11.2.jar:/cs/student/zhiyuning/.m2/repository/org/thymeleaf/extras/thymeleaf-extras-springsecurity5/3.0.4.RELEASE/thymeleaf-extras-springsecurity5-3.0.4.RELEASE.jar:/cs/student/zhiyuning/.m2/repository/org/slf4j/slf4j-api/1.7.25/slf4j-api-1.7.25.jar:/cs/student/zhiyuning/.m2/repository/com/jcabi/jcabi-github/1.0/jcabi-github-1.0.jar:/cs/student/zhiyuning/.m2/repository/com/jcabi/jcabi-aspects/0.22.5/jcabi-aspects-0.22.5.jar:/cs/student/zhiyuning/.m2/repository/com/jcabi/jcabi-immutable/1.4/jcabi-immutable-1.4.jar:/cs/student/zhiyuning/.m2/repository/com/jcabi/jcabi-xml/0.18.1/jcabi-xml-0.18.1.jar:/cs/student/zhiyuning/.m2/repository/com/jcabi/jcabi-http/1.16/jcabi-http-1.16.jar:/cs/student/zhiyuning/.m2/repository/com/jcabi/jcabi-manifests/1.1/jcabi-manifests-1.1.jar:/cs/student/zhiyuning/.m2/repository/com/jcabi/incubator/xembly/0.22/xembly-0.22.jar:/cs/student/zhiyuning/.m2/repository/org/antlr/antlr-runtime/3.5.2/antlr-runtime-3.5.2.jar:/cs/student/zhiyuning/.m2/repository/com/jcabi/jcabi-log/0.17.2/jcabi-log-0.17.2.jar:/cs/student/zhiyuning/.m2/repository/commons-io/commons-io/2.4/commons-io-2.4.jar:/cs/student/zhiyuning/.m2/repository/org/apache/commons/commons-lang3/3.7/commons-lang3-3.7.jar:/cs/student/zhiyuning/.m2/repository/com/google/guava/guava/19.0-rc2/guava-19.0-rc2.jar:/cs/student/zhiyuning/.m2/repository/org/aspectj/aspectjrt/1.8.13/aspectjrt-1.8.13.jar:/cs/student/zhiyuning/.m2/repository/org/glassfish/javax.json/1.0.4/javax.json-1.0.4.jar:/cs/student/zhiyuning/.m2/repository/org/glassfish/jersey/core/jersey-server/2.26/jersey-server-2.26.jar:/cs/student/zhiyuning/.m2/repository/org/glassfish/jersey/core/jersey-common/2.26/jersey-common-2.26.jar:/cs/student/zhiyuning/.m2/repository/org/glassfish/hk2/osgi-resource-locator/1.0.1/osgi-resource-locator-1.0.1.jar:/cs/student/zhiyuning/.m2/repository/org/glassfish/jersey/core/jersey-client/2.26/jersey-client-2.26.jar:/cs/student/zhiyuning/.m2/repository/javax/ws/rs/javax.ws.rs-api/2.1/javax.ws.rs-api-2.1.jar:/cs/student/zhiyuning/.m2/repository/org/glassfish/jersey/media/jersey-media-jaxb/2.26/jersey-media-jaxb-2.26.jar:/cs/student/zhiyuning/.m2/repository/org/glassfish/hk2/external/javax.inject/2.5.0-b42/javax.inject-2.5.0-b42.jar:/cs/student/zhiyuning/.m2/repository/org/apache/httpcomponents/httpcore/4.4.10/httpcore-4.4.10.jar:/cs/student/zhiyuning/.m2/repository/org/apache/httpcomponents/httpclient/4.5.6/httpclient-4.5.6.jar:/cs/student/zhiyuning/.m2/repository/commons-codec/commons-codec/1.11/commons-codec-1.11.jar:/cs/student/zhiyuning/.m2/repository/javax/json/javax.json-api/1.1.4/javax.json-api-1.1.4.jar:, sun.cpu.endian=little, user.home=/cs/student/zhiyuning, user.language=en, java.specification.vendor=Oracle Corporation, java.version.date=2019-07-16, java.home=/usr/lib/jvm/java-11-openjdk-11.0.4.11-0.fc29.x86_64, file.separator=/, basedir=/cs/student/zhiyuning/cs56/lab06/lab06-zhiyuning, java.vm.compressedOopsMode=Zero based, line.separator=
, java.specification.name=Java Platform API Specification, java.vm.specification.vendor=Oracle Corporation, java.awt.graphicsenv=sun.awt.X11GraphicsEnvironment, surefire.real.class.path=/cs/student/zhiyuning/cs56/lab06/lab06-zhiyuning/target/surefire/surefirebooter7791381547826767849.jar, sun.management.compiler=HotSpot 64-Bit Tiered Compilers, java.runtime.version=11.0.4+11, user.name=zhiyuning, path.separator=:, os.version=5.2.18-100.fc29.x86_64, java.runtime.name=OpenJDK Runtime Environment, file.encoding=UTF-8, java.vm.name=OpenJDK 64-Bit Server VM, java.vendor.version=18.9, localRepository=/cs/student/zhiyuning/.m2/repository, java.vendor.url.bug=http://bugreport.java.com/bugreport/, java.io.tmpdir=/tmp, java.version=11.0.4, user.dir=/cs/student/zhiyuning/cs56/lab06/lab06-zhiyuning, os.arch=amd64, java.vm.specification.name=Java Virtual Machine Specification, java.awt.printerjob=sun.print.PSPrinterJob, sun.os.patch.level=unknown, java.library.path=/usr/java/packages/lib:/usr/lib64:/lib64:/lib:/usr/lib, java.vendor=Oracle Corporation, java.vm.info=mixed mode, sharing, java.vm.version=11.0.4+11, sun.io.unicode.encoding=UnicodeLittle, java.class.version=55.0}}, SystemEnvironmentPropertySource@1176164144 {name='systemEnvironment', properties={PATH=/usr/libexec/python3-sphinx:/usr/share/Modules/bin:/usr/lib64/ccache:/usr/local/bin:/usr/bin:/bin:/usr/local/sbin:/usr/sbin:/var/lib/snapd/snap/bin:/cs/student/zhiyuning/bin, XAUTHORITY=/var/run/lightdm/zhiyuning/xauthority, HISTCONTROL=ignoredups, XMODIFIERS=@im=ibus, _JP_JAVACMD=/usr/lib/jvm/java-11-openjdk-11.0.4.11-0.fc29.x86_64/bin/java, GDMSESSION=gnome, XDG_DATA_DIRS=/cs/student/zhiyuning/.local/share/flatpak/exports/share:/var/lib/flatpak/exports/share:/usr/local/share:/usr/share:/var/lib/snapd/desktop, MODULEPATH=/etc/scl/modulefiles:/etc/scl/modulefiles:/usr/share/Modules/modulefiles:/etc/modulefiles:/usr/share/modulefiles, DBUS_SESSION_BUS_ADDRESS=unix:path=/run/user/38220/bus, _LMFILES_=/usr/share/modulefiles/python-sphinx/python3-sphinx, XDG_CURRENT_DESKTOP=GNOME, MAIL=/var/spool/mail/zhiyuning, SSH_AGENT_PID=16085, COLORTERM=truecolor, SESSION_MANAGER=local/unix:@/tmp/.ICE-unix/16066,unix/unix:/tmp/.ICE-unix/16066, LOGNAME=zhiyuning, SPRING_APPLICATION_JSON={
    "spring.security.oauth2.client.registration.github.client-id":"07861cdd33eba1fb94bc",
    "spring.security.oauth2.client.registration.github.client-secret":"4f99b3c45627e86061e034e146a46451345d93ad",
    "app_github_org":"ucsb-cs56-f19"
}, PWD=/cs/student/zhiyuning/cs56/lab06/lab06-zhiyuning, S_COLORS=auto, GJS_DEBUG_TOPICS=JS ERROR;JS LOG, LESSOPEN=||/usr/bin/lesspipe.sh %s, SHELL=/bin/bash, BASH_ENV=/usr/share/Modules/init/bash, OLDPWD=/cs/student/zhiyuning/cs56/lab06/lab06-zhiyuning, BASH_FUNC_scl%%=() {  if [ "$1" = "load" -o "$1" = "unload" ]; then
 eval "module $@";
 else
 /usr/bin/scl "$@";
 fi
}, GNOME_TERMINAL_SCREEN=/org/gnome/Terminal/screen/859e8bc9_cb3f_4634_af24_7b135633e567, MODULEPATH_modshare=/usr/share/modulefiles:1:/usr/share/Modules/modulefiles:1:/etc/modulefiles:1, XDG_SESSION_PATH=/org/freedesktop/DisplayManager/Session4, XDG_SESSION_DESKTOP=gnome, LS_COLORS=rs=0:di=38;5;33:ln=38;5;51:mh=00:pi=40;38;5;11:so=38;5;13:do=38;5;5:bd=48;5;232;38;5;11:cd=48;5;232;38;5;3:or=48;5;232;38;5;9:mi=01;05;37;41:su=48;5;196;38;5;15:sg=48;5;11;38;5;16:ca=48;5;196;38;5;226:tw=48;5;10;38;5;16:ow=48;5;10;38;5;21:st=48;5;21;38;5;15:ex=38;5;40:*.tar=38;5;9:*.tgz=38;5;9:*.arc=38;5;9:*.arj=38;5;9:*.taz=38;5;9:*.lha=38;5;9:*.lz4=38;5;9:*.lzh=38;5;9:*.lzma=38;5;9:*.tlz=38;5;9:*.txz=38;5;9:*.tzo=38;5;9:*.t7z=38;5;9:*.zip=38;5;9:*.z=38;5;9:*.dz=38;5;9:*.gz=38;5;9:*.lrz=38;5;9:*.lz=38;5;9:*.lzo=38;5;9:*.xz=38;5;9:*.zst=38;5;9:*.tzst=38;5;9:*.bz2=38;5;9:*.bz=38;5;9:*.tbz=38;5;9:*.tbz2=38;5;9:*.tz=38;5;9:*.deb=38;5;9:*.rpm=38;5;9:*.jar=38;5;9:*.war=38;5;9:*.ear=38;5;9:*.sar=38;5;9:*.rar=38;5;9:*.alz=38;5;9:*.ace=38;5;9:*.zoo=38;5;9:*.cpio=38;5;9:*.7z=38;5;9:*.rz=38;5;9:*.cab=38;5;9:*.wim=38;5;9:*.swm=38;5;9:*.dwm=38;5;9:*.esd=38;5;9:*.jpg=38;5;13:*.jpeg=38;5;13:*.mjpg=38;5;13:*.mjpeg=38;5;13:*.gif=38;5;13:*.bmp=38;5;13:*.pbm=38;5;13:*.pgm=38;5;13:*.ppm=38;5;13:*.tga=38;5;13:*.xbm=38;5;13:*.xpm=38;5;13:*.tif=38;5;13:*.tiff=38;5;13:*.png=38;5;13:*.svg=38;5;13:*.svgz=38;5;13:*.mng=38;5;13:*.pcx=38;5;13:*.mov=38;5;13:*.mpg=38;5;13:*.mpeg=38;5;13:*.m2v=38;5;13:*.mkv=38;5;13:*.webm=38;5;13:*.ogm=38;5;13:*.mp4=38;5;13:*.m4v=38;5;13:*.mp4v=38;5;13:*.vob=38;5;13:*.qt=38;5;13:*.nuv=38;5;13:*.wmv=38;5;13:*.asf=38;5;13:*.rm=38;5;13:*.rmvb=38;5;13:*.flc=38;5;13:*.avi=38;5;13:*.fli=38;5;13:*.flv=38;5;13:*.gl=38;5;13:*.dl=38;5;13:*.xcf=38;5;13:*.xwd=38;5;13:*.yuv=38;5;13:*.cgm=38;5;13:*.emf=38;5;13:*.ogv=38;5;13:*.ogx=38;5;13:*.aac=38;5;45:*.au=38;5;45:*.flac=38;5;45:*.m4a=38;5;45:*.mid=38;5;45:*.midi=38;5;45:*.mka=38;5;45:*.mp3=38;5;45:*.mpc=38;5;45:*.ogg=38;5;45:*.ra=38;5;45:*.wav=38;5;45:*.oga=38;5;45:*.opus=38;5;45:*.spx=38;5;45:*.xspf=38;5;45:, SHLVL=3, LOADEDMODULES=python-sphinx/python3-sphinx, MANPATH=:, QT_IM_MODULE=ibus, HISTSIZE=1000, JAVA_HOME=/usr/lib/jvm/java-11-openjdk-11.0.4.11-0.fc29.x86_64, TERM=xterm-256color, GNOME_TERMINAL_SERVICE=:1.73, ENV=/usr/share/Modules/init/profile.sh, XDG_SEAT_PATH=/org/freedesktop/DisplayManager/Seat0, LANG=en_US.UTF-8, XDG_SESSION_TYPE=x11, XDG_SESSION_ID=14, MODULES_RUN_QUARANTINE=LD_LIBRARY_PATH, BASH_FUNC_switchml%%=() {  typeset swfound=1;
 if [ "${MODULES_USE_COMPAT_VERSION:-0}" = '1' ]; then
 typeset swname='main';
 if [ -e /usr/share/Modules/libexec/modulecmd.tcl ]; then
 typeset swfound=0;
 unset MODULES_USE_COMPAT_VERSION;
 fi;
 else
 typeset swname='compatibility';
 if [ -e /usr/share/Modules/libexec/modulecmd-compat ]; then
 typeset swfound=0;
 MODULES_USE_COMPAT_VERSION=1;
 export MODULES_USE_COMPAT_VERSION;
 fi;
 fi;
 if [ $swfound -eq 0 ]; then
 echo "Switching to Modules $swname version";
 source /usr/share/Modules/init/bash;
 else
 echo "Cannot switch to Modules $swname version, command not found";
 return 1;
 fi
}, MODULES_LMCONFLICT=python-sphinx/python3-sphinx&python-sphinx, DISPLAY=:0, BASH_FUNC_module%%=() {  _module_raw "$@" 2>&1
}, MODULES_LMCONFLICT_modshare=python-sphinx/python3-sphinx&python-sphinx:1, MAVEN_CMD_LINE_ARGS= package, _=/usr/lib/jvm/java-11-openjdk-11.0.4.11-0.fc29.x86_64/bin/java, LOADEDMODULES_modshare=python-sphinx/python3-sphinx:1, CVS_RSH=ssh, XDG_GREETER_DATA_DIR=/var/lib/lightdm-data/zhiyuning, _JP_JAVACMD_OPTS= -agentpath:/usr/lib/abrt-java-connector/libabrt-java-connector.so=abrt=on,, MAVEN_PROJECTBASEDIR=/cs/student/zhiyuning/cs56/lab06/lab06-zhiyuning, DESKTOP_SESSION=gnome, JAVACMD=/usr/lib/jvm/java-11-openjdk-11.0.4.11-0.fc29.x86_64/bin/java, _LMFILES__modshare=/usr/share/modulefiles/python-sphinx/python3-sphinx:1, USER=zhiyuning, XDG_MENU_PREFIX=gnome-, VTE_VERSION=5404, GJS_DEBUG_OUTPUT=stderr, XDG_SEAT=seat0, SSH_AUTH_SOCK=/tmp/ssh-f9RCvlMeSMah/agent.16066, HOSTNAME=cstl-28.cs.ucsb.edu, PATH_modshare=/bin:1:/usr/sbin:1:/var/lib/snapd/snap/bin:1:/usr/bin:1:/usr/local/sbin:1:/usr/libexec/python3-sphinx:1:/usr/share/Modules/bin:1:/usr/lib64/ccache:1:/usr/local/bin:1, MODULESHOME=/usr/share/Modules, BASH_FUNC__module_raw%%=() {  unset _mlshdbg;
 if [ "${MODULES_SILENT_SHELL_DEBUG:-0}" = '1' ]; then
 case "$-" in 
 *v*x*)
 set +vx;
 _mlshdbg='vx'
 ;;
 *v*)
 set +v;
 _mlshdbg='v'
 ;;
 *x*)
 set +x;
 _mlshdbg='x'
 ;;
 *)
 _mlshdbg=''
 ;;
 esac;
 fi;
 unset _mlre _mlIFS;
 if [ -n "${IFS+x}" ]; then
 _mlIFS=$IFS;
 fi;
 IFS=' ';
 for _mlv in ${MODULES_RUN_QUARANTINE:-};
 do
 if [ "${_mlv}" = "${_mlv##*[!A-Za-z0-9_]}" -a "${_mlv}" = "${_mlv#[0-9]}" ]; then
 if [ -n "`eval 'echo ${'$_mlv'+x}'`" ]; then
 _mlre="${_mlre:-}${_mlv}_modquar='`eval 'echo ${'$_mlv'}'`' ";
 fi;
 _mlrv="MODULES_RUNENV_${_mlv}";
 _mlre="${_mlre:-}${_mlv}='`eval 'echo ${'$_mlrv':-}'`' ";
 fi;
 done;
 if [ -n "${_mlre:-}" ]; then
 eval `eval ${_mlre}/usr/bin/tclsh /usr/share/Modules/libexec/modulecmd.tcl bash '"$@"'`;
 else
 eval `/usr/bin/tclsh /usr/share/Modules/libexec/modulecmd.tcl bash "$@"`;
 fi;
 _mlstatus=$?;
 if [ -n "${_mlIFS+x}" ]; then
 IFS=$_mlIFS;
 else
 unset IFS;
 fi;
 unset _mlre _mlv _mlrv _mlIFS;
 if [ -n "${_mlshdbg:-}" ]; then
 set -$_mlshdbg;
 fi;
 unset _mlshdbg;
 return $_mlstatus
}, MODULES_CMD=/usr/share/Modules/libexec/modulecmd.tcl, KDEDIRS=/usr, XDG_RUNTIME_DIR=/run/user/38220, XDG_VTNR=1, HOME=/cs/student/zhiyuning}}]
19:32:20.393 [main] DEBUG org.springframework.test.context.support.TestPropertySourceUtils - Adding inlined properties to environment: {spring.jmx.enabled=false, org.springframework.boot.test.context.SpringBootTestContextBootstrapper=true, server.port=-1}
19:32:20.393 [main] DEBUG org.springframework.core.env.StandardEnvironment - Adding PropertySource 'Inlined Test Properties' with highest search precedence

  .   ____          _            __ _ _
 /\\ / ___'_ __ _ _(_)_ __  __ _ \ \ \ \
( ( )\___ | '_ | '_| | '_ \/ _` | \ \ \ \
 \\/  ___)| |_)| | | | | || (_| |  ) ) ) )
  '  |____| .__|_| |_|_| |_\__, | / / / /
 =========|_|==============|___/=/_/_/_/
 :: Spring Boot ::        (v2.0.5.RELEASE)

2019-10-31 19:32:20.858  INFO 19736 --- [           main] hello.HomePageTest                       : Starting HomePageTest on cstl-28.cs.ucsb.edu with PID 19736 (started by zhiyuning in /cs/student/zhiyuning/cs56/lab06/lab06-zhiyuning)
2019-10-31 19:32:20.859  INFO 19736 --- [           main] hello.HomePageTest                       : No active profile set, falling back to default profiles: default
2019-10-31 19:32:20.890  INFO 19736 --- [           main] o.s.w.c.s.GenericWebApplicationContext   : Refreshing org.springframework.web.context.support.GenericWebApplicationContext@30990c1b: startup date [Thu Oct 31 19:32:20 PDT 2019]; root of context hierarchy
2019-10-31 19:32:21.543  INFO 19736 --- [           main] f.a.AutowiredAnnotationBeanPostProcessor : JSR-330 'javax.inject.Inject' annotation found and supported for autowiring
2019-10-31 19:32:21.684  INFO 19736 --- [           main] hello.GithubOrgMembershipService         : githubOrg=ucsb-cs56-f19
2019-10-31 19:32:21.875  INFO 19736 --- [           main] .h.v.i.x.c.ValidationBootstrapParameters : HV000006: Using org.hibernate.validator.HibernateValidator as validation provider.
[...]
2019-10-31 19:32:22.125  INFO 19736 --- [           main] s.w.s.m.m.a.RequestMappingHandlerMapping : Mapped "{[/page1],methods=[GET]}" onto public java.lang.String hello.WebController.getPage1(org.springframework.ui.Model,org.springframework.security.oauth2.client.authentication.OAuth2AuthenticationToken)
2019-10-31 19:32:22.125  INFO 19736 --- [           main] s.w.s.m.m.a.RequestMappingHandlerMapping : Mapped "{[/page2],methods=[GET]}" onto public java.lang.String hello.WebController.getPage2(org.springframework.ui.Model,org.springframework.security.oauth2.client.authentication.OAuth2AuthenticationToken)
2019-10-31 19:32:22.125  INFO 19736 --- [           main] s.w.s.m.m.a.RequestMappingHandlerMapping : Mapped "{[/],methods=[GET]}" onto public java.lang.String hello.WebController.getHomepage(org.springframework.ui.Model,org.springframework.security.oauth2.client.authentication.OAuth2AuthenticationToken)
2019-10-31 19:32:22.130  INFO 19736 --- [           main] s.w.s.m.m.a.RequestMappingHandlerMapping : Mapped "{[/error]}" onto public org.springframework.http.ResponseEntity<java.util.Map<java.lang.String, java.lang.Object>> org.springframework.boot.autoconfigure.web.servlet.error.BasicErrorController.error(javax.servlet.http.HttpServletRequest)
2019-10-31 19:32:22.131  INFO 19736 --- [           main] s.w.s.m.m.a.RequestMappingHandlerMapping : Mapped "{[/error],produces=[text/html]}" onto public org.springframework.web.servlet.ModelAndView org.springframework.boot.autoconfigure.web.servlet.error.BasicErrorController.errorHtml(javax.servlet.http.HttpServletRequest,javax.servlet.http.HttpServletResponse)
2019-10-31 19:32:22.151  INFO 19736 --- [           main] o.s.w.s.handler.SimpleUrlHandlerMapping  : Mapped URL path [/webjars/**] onto handler of type [class org.springframework.web.servlet.resource.ResourceHttpRequestHandler]
2019-10-31 19:32:22.152  INFO 19736 --- [           main] o.s.w.s.handler.SimpleUrlHandlerMapping  : Mapped URL path [/**] onto handler of type [class org.springframework.web.servlet.resource.ResourceHttpRequestHandler]
2019-10-31 19:32:23.085  INFO 19736 --- [           main] o.s.b.a.w.s.WelcomePageHandlerMapping    : Adding welcome page template: index
2019-10-31 19:32:23.283  INFO 19736 --- [           main] o.s.s.web.DefaultSecurityFilterChain     : Creating filter chain: org.springframework.security.web.util.matcher.AnyRequestMatcher@1, [org.springframework.security.web.context.request.async.WebAsyncManagerIntegrationFilter@7bc6935c, org.springframework.security.web.context.SecurityContextPersistenceFilter@53d2d002, org.springframework.security.web.header.HeaderWriterFilter@718f805a, org.springframework.security.web.csrf.CsrfFilter@54e43bfe, org.springframework.security.web.authentication.logout.LogoutFilter@79d3473e, org.springframework.security.oauth2.client.web.OAuth2AuthorizationRequestRedirectFilter@a6e4897, org.springframework.security.oauth2.client.web.OAuth2LoginAuthenticationFilter@7ef8eda7, org.springframework.security.web.savedrequest.RequestCacheAwareFilter@34208baa, org.springframework.security.web.servletapi.SecurityContextHolderAwareRequestFilter@202ae86f, org.springframework.security.web.authentication.AnonymousAuthenticationFilter@67bd351e, org.springframework.security.web.session.SessionManagementFilter@557b6a37, org.springframework.security.web.access.ExceptionTranslationFilter@73613ae5, org.springframework.security.web.access.intercept.FilterSecurityInterceptor@43ac0a68]
2019-10-31 19:32:23.351  INFO 19736 --- [           main] o.s.b.t.m.w.SpringBootMockServletContext : Initializing Spring FrameworkServlet ''
2019-10-31 19:32:23.351  INFO 19736 --- [           main] o.s.t.web.servlet.TestDispatcherServlet  : FrameworkServlet '': initialization started
2019-10-31 19:32:23.359  INFO 19736 --- [           main] o.s.t.web.servlet.TestDispatcherServlet  : FrameworkServlet '': initialization completed in 8 ms
2019-10-31 19:32:23.388  INFO 19736 --- [           main] hello.HomePageTest                       : Started HomePageTest in 2.988 seconds (JVM running for 3.831)

MockHttpServletRequest:
      HTTP Method = GET
      Request URI = /
       Parameters = {}
          Headers = {Accept=[text/html]}
             Body = null
    Session Attrs = {}

Handler:
             Type = hello.WebController
           Method = public java.lang.String hello.WebController.getHomepage(org.springframework.ui.Model,org.springframework.security.oauth2.client.authentication.OAuth2AuthenticationToken)

Async:
    Async started = false
     Async result = null

Resolved Exception:
             Type = null

ModelAndView:
        View name = index
             View = null
        Attribute = role
            value = Guest
        Attribute = isLoggedIn
            value = false
        Attribute = id
            value = 
        Attribute = login
            value = 
        Attribute = isMember
            value = false
        Attribute = isAdmin
            value = false

FlashMap:
       Attributes = null

MockHttpServletResponse:
           Status = 200
    Error message = null
          Headers = {Content-Language=[en], Content-Type=[text/html;charset=UTF-8], X-Content-Type-Options=[nosniff], X-XSS-Protection=[1; mode=block], Cache-Control=[no-cache, no-store, max-age=0, must-revalidate], Pragma=[no-cache], Expires=[0], X-Frame-Options=[DENY]}
     Content type = text/html;charset=UTF-8
             Body = <!DOCTYPE HTML>
<html lang="en"> 
  <head>
    <title>Title of your page goes here</title>
    <!-- fragments/bootstrap_head.html-->
<meta http-equiv="Content-Type" content="text/html; charset=UTF-8" />
<meta charset="utf-8" />
<meta name="viewport" content="width=device-width, initial-scale=1, shrink-to-fit=no" /> 
<link rel="stylesheet" href="https://stackpath.bootstrapcdn.com/bootstrap/4.3.1/css/bootstrap.min.css" integrity="sha384-ggOyR0iXCbMQv3Xipma34MD+dH/1fQ784/j6cY/iJTQUOhcWr7x9JvoRxT2MZw1T" crossorigin="anonymous"></link>

  </head>
  <body>
    <div class="container">
      <!-- fragments/bootstrap_nav_header.html-->
<!-- See https://getbootstrap.com/docs/4.0/components/navbar/ for documentation on how to adjust HTML below -->

<nav class="navbar navbar-expand-lg navbar-light bg-light">

    <a class="navbar-brand" href="/">My-Web-App</a>

    <div class="collapse navbar-collapse" id="navbarTogglerDemo03">
        <ul class="navbar-nav mr-auto mt-2 mt-lg-0">
            <li class="nav-item active">
                <a class="nav-link" href="/">Home <span class="sr-only">(current)</span></a>
            </li>
            <li class="nav-item">
                <a class="nav-link" href="/page1">Page 1</a>
            </li>
            <li class="nav-item">
                    <a class="nav-link" href="/page2">Page 2</a>
            </li>
        </ul>

        <ul class="nav navbar-nav navbar-right">
            
            
            
            <li>
                <form method="GET" action="/oauth2/authorization/github" class="form-inline my-2 my-lg-0">
                    <button class="navbar-btn" type="submit">GitHub Login</button>
                </form>
            </li>
        </ul>
    </div>
    <button class="navbar-toggler" type="button" data-toggle="collapse" data-target="#navbarTogglerDemo03"
        aria-controls="navbarTogglerDemo03" aria-expanded="false" aria-label="Toggle navigation">
        <span class="navbar-toggler-icon"></span>
    </button>
</nav>

      <h1>Home Page</h1>

      <p>This page is a placeholder.</p>

      <!-- Footer -->
<footer class="page-footer font-small secondary-color pt-4">
    <p>
        This page is a class project of <a href="https://ucsb-cs56.github.io">UCSB's CMPSC 56</a>.

    </p>
   
</footer>
    </div>
    <!-- fragments/bootstrap_scripts.html-->
<script src="https://code.jquery.com/jquery-3.3.1.slim.min.js" integrity="sha384-q8i/X+965DzO0rT7abK41JStQIAqVgRVzpbzo5smXKp4YfRvH+8abtTE1Pi6jizo" crossorigin="anonymous"></script>
<script src="https://cdnjs.cloudflare.com/ajax/libs/popper.js/1.14.7/umd/popper.min.js" integrity="sha384-UO2eT0CpHqdSJQ6hJty5KVphtPhzWj9WO1clHTMGa3JDZwrnQq4sF86dIHNDz0W1" crossorigin="anonymous"></script>
<script src="https://stackpath.bootstrapcdn.com/bootstrap/4.3.1/js/bootstrap.min.js" integrity="sha384-JjSmVgyd0p3pXB1rRibZUAYoIIy6OrQ6VrjIEaFf/nJGzIxFDsf4x0xIM+B07jRM" crossorigin="anonymous"></script>

  </body>
</html>

    Forwarded URL = null
   Redirected URL = null
          Cookies = []

MockHttpServletRequest:
      HTTP Method = GET
      Request URI = /greeting
       Parameters = {}
          Headers = {Accept=[text/html]}
             Body = null
    Session Attrs = {SPRING_SECURITY_SAVED_REQUEST=DefaultSavedRequest[http://localhost/greeting]}

Handler:
             Type = null

Async:
    Async started = false
     Async result = null

Resolved Exception:
             Type = null

ModelAndView:
        View name = null
             View = null
            Model = null

FlashMap:
       Attributes = null

MockHttpServletResponse:
           Status = 302
    Error message = null
          Headers = {X-Content-Type-Options=[nosniff], X-XSS-Protection=[1; mode=block], Cache-Control=[no-cache, no-store, max-age=0, must-revalidate], Pragma=[no-cache], Expires=[0], X-Frame-Options=[DENY], Location=[http://localhost/login]}
     Content type = null
             Body = 
    Forwarded URL = null
   Redirected URL = http://localhost/login
          Cookies = []
]]></system-out>
  </testcase>
  <testcase name="getHomePage_hasCorrectTitle" classname="hello.HomePageTest" time="0.05">
    <failure message="XPath //title expected:&lt;Getting Started: Serving Web Content&gt; but was:&lt;Title of your page goes here&gt;" type="java.lang.AssertionError"><![CDATA[java.lang.AssertionError: XPath //title expected:<Getting Started: Serving Web Content> but was:<Title of your page goes here>
	at hello.HomePageTest.getHomePage_hasCorrectTitle(HomePageTest.java:54)
]]></failure>
    <system-out><![CDATA[
MockHttpServletRequest:
      HTTP Method = GET
      Request URI = /
       Parameters = {}
          Headers = {Accept=[text/html]}
             Body = null
    Session Attrs = {}

Handler:
             Type = hello.WebController
           Method = public java.lang.String hello.WebController.getHomepage(org.springframework.ui.Model,org.springframework.security.oauth2.client.authentication.OAuth2AuthenticationToken)

Async:
    Async started = false
     Async result = null

Resolved Exception:
             Type = null

ModelAndView:
        View name = index
             View = null
        Attribute = role
            value = Guest
        Attribute = isLoggedIn
            value = false
        Attribute = id
            value = 
        Attribute = login
            value = 
        Attribute = isMember
            value = false
        Attribute = isAdmin
            value = false

FlashMap:
       Attributes = null

MockHttpServletResponse:
           Status = 200
    Error message = null
          Headers = {Content-Language=[en], Content-Type=[text/html;charset=UTF-8], X-Content-Type-Options=[nosniff], X-XSS-Protection=[1; mode=block], Cache-Control=[no-cache, no-store, max-age=0, must-revalidate], Pragma=[no-cache], Expires=[0], X-Frame-Options=[DENY]}
     Content type = text/html;charset=UTF-8
             Body = <!DOCTYPE HTML>
<html lang="en"> 
  <head>
    <title>Title of your page goes here</title>
    <!-- fragments/bootstrap_head.html-->
<meta http-equiv="Content-Type" content="text/html; charset=UTF-8" />
<meta charset="utf-8" />
<meta name="viewport" content="width=device-width, initial-scale=1, shrink-to-fit=no" /> 
<link rel="stylesheet" href="https://stackpath.bootstrapcdn.com/bootstrap/4.3.1/css/bootstrap.min.css" integrity="sha384-ggOyR0iXCbMQv3Xipma34MD+dH/1fQ784/j6cY/iJTQUOhcWr7x9JvoRxT2MZw1T" crossorigin="anonymous"></link>

  </head>
  <body>
    <div class="container">
      <!-- fragments/bootstrap_nav_header.html-->
<!-- See https://getbootstrap.com/docs/4.0/components/navbar/ for documentation on how to adjust HTML below -->

<nav class="navbar navbar-expand-lg navbar-light bg-light">

    <a class="navbar-brand" href="/">My-Web-App</a>

    <div class="collapse navbar-collapse" id="navbarTogglerDemo03">
        <ul class="navbar-nav mr-auto mt-2 mt-lg-0">
            <li class="nav-item active">
                <a class="nav-link" href="/">Home <span class="sr-only">(current)</span></a>
            </li>
            <li class="nav-item">
                <a class="nav-link" href="/page1">Page 1</a>
            </li>
            <li class="nav-item">
                    <a class="nav-link" href="/page2">Page 2</a>
            </li>
        </ul>

        <ul class="nav navbar-nav navbar-right">
            
            
            
            <li>
                <form method="GET" action="/oauth2/authorization/github" class="form-inline my-2 my-lg-0">
                    <button class="navbar-btn" type="submit">GitHub Login</button>
                </form>
            </li>
        </ul>
    </div>
    <button class="navbar-toggler" type="button" data-toggle="collapse" data-target="#navbarTogglerDemo03"
        aria-controls="navbarTogglerDemo03" aria-expanded="false" aria-label="Toggle navigation">
        <span class="navbar-toggler-icon"></span>
    </button>
</nav>

      <h1>Home Page</h1>

      <p>This page is a placeholder.</p>

      <!-- Footer -->
<footer class="page-footer font-small secondary-color pt-4">
    <p>
        This page is a class project of <a href="https://ucsb-cs56.github.io">UCSB's CMPSC 56</a>.

    </p>
   
</footer>
    </div>
    <!-- fragments/bootstrap_scripts.html-->
<script src="https://code.jquery.com/jquery-3.3.1.slim.min.js" integrity="sha384-q8i/X+965DzO0rT7abK41JStQIAqVgRVzpbzo5smXKp4YfRvH+8abtTE1Pi6jizo" crossorigin="anonymous"></script>
<script src="https://cdnjs.cloudflare.com/ajax/libs/popper.js/1.14.7/umd/popper.min.js" integrity="sha384-UO2eT0CpHqdSJQ6hJty5KVphtPhzWj9WO1clHTMGa3JDZwrnQq4sF86dIHNDz0W1" crossorigin="anonymous"></script>
<script src="https://stackpath.bootstrapcdn.com/bootstrap/4.3.1/js/bootstrap.min.js" integrity="sha384-JjSmVgyd0p3pXB1rRibZUAYoIIy6OrQ6VrjIEaFf/nJGzIxFDsf4x0xIM+B07jRM" crossorigin="anonymous"></script>

  </body>
</html>

    Forwarded URL = null
   Redirected URL = null
          Cookies = []

MockHttpServletRequest:
      HTTP Method = GET
      Request URI = /greeting
       Parameters = {}
          Headers = {Accept=[text/html]}
             Body = null
    Session Attrs = {SPRING_SECURITY_SAVED_REQUEST=DefaultSavedRequest[http://localhost/greeting]}

Handler:
             Type = null

Async:
    Async started = false
     Async result = null

Resolved Exception:
             Type = null

ModelAndView:
        View name = null
             View = null
            Model = null

FlashMap:
       Attributes = null

MockHttpServletResponse:
           Status = 302
    Error message = null
          Headers = {X-Content-Type-Options=[nosniff], X-XSS-Protection=[1; mode=block], Cache-Control=[no-cache, no-store, max-age=0, must-revalidate], Pragma=[no-cache], Expires=[0], X-Frame-Options=[DENY], Location=[http://localhost/login]}
     Content type = null
             Body = 
    Forwarded URL = null
   Redirected URL = http://localhost/login
          Cookies = []

MockHttpServletRequest:
      HTTP Method = GET
      Request URI = /
       Parameters = {}
          Headers = {Accept=[text/html]}
             Body = null
    Session Attrs = {}

Handler:
             Type = hello.WebController
           Method = public java.lang.String hello.WebController.getHomepage(org.springframework.ui.Model,org.springframework.security.oauth2.client.authentication.OAuth2AuthenticationToken)

Async:
    Async started = false
     Async result = null

Resolved Exception:
             Type = null

ModelAndView:
        View name = index
             View = null
        Attribute = role
            value = Guest
        Attribute = isLoggedIn
            value = false
        Attribute = id
            value = 
        Attribute = login
            value = 
        Attribute = isMember
            value = false
        Attribute = isAdmin
            value = false

FlashMap:
       Attributes = null

MockHttpServletResponse:
           Status = 200
    Error message = null
          Headers = {Content-Language=[en], Content-Type=[text/html;charset=UTF-8], X-Content-Type-Options=[nosniff], X-XSS-Protection=[1; mode=block], Cache-Control=[no-cache, no-store, max-age=0, must-revalidate], Pragma=[no-cache], Expires=[0], X-Frame-Options=[DENY]}
     Content type = text/html;charset=UTF-8
             Body = <!DOCTYPE HTML>
<html lang="en"> 
  <head>
    <title>Title of your page goes here</title>
    <!-- fragments/bootstrap_head.html-->
<meta http-equiv="Content-Type" content="text/html; charset=UTF-8" />
<meta charset="utf-8" />
<meta name="viewport" content="width=device-width, initial-scale=1, shrink-to-fit=no" /> 
<link rel="stylesheet" href="https://stackpath.bootstrapcdn.com/bootstrap/4.3.1/css/bootstrap.min.css" integrity="sha384-ggOyR0iXCbMQv3Xipma34MD+dH/1fQ784/j6cY/iJTQUOhcWr7x9JvoRxT2MZw1T" crossorigin="anonymous"></link>

  </head>
  <body>
    <div class="container">
      <!-- fragments/bootstrap_nav_header.html-->
<!-- See https://getbootstrap.com/docs/4.0/components/navbar/ for documentation on how to adjust HTML below -->

<nav class="navbar navbar-expand-lg navbar-light bg-light">

    <a class="navbar-brand" href="/">My-Web-App</a>

    <div class="collapse navbar-collapse" id="navbarTogglerDemo03">
        <ul class="navbar-nav mr-auto mt-2 mt-lg-0">
            <li class="nav-item active">
                <a class="nav-link" href="/">Home <span class="sr-only">(current)</span></a>
            </li>
            <li class="nav-item">
                <a class="nav-link" href="/page1">Page 1</a>
            </li>
            <li class="nav-item">
                    <a class="nav-link" href="/page2">Page 2</a>
            </li>
        </ul>

        <ul class="nav navbar-nav navbar-right">
            
            
            
            <li>
                <form method="GET" action="/oauth2/authorization/github" class="form-inline my-2 my-lg-0">
                    <button class="navbar-btn" type="submit">GitHub Login</button>
                </form>
            </li>
        </ul>
    </div>
    <button class="navbar-toggler" type="button" data-toggle="collapse" data-target="#navbarTogglerDemo03"
        aria-controls="navbarTogglerDemo03" aria-expanded="false" aria-label="Toggle navigation">
        <span class="navbar-toggler-icon"></span>
    </button>
</nav>

      <h1>Home Page</h1>

      <p>This page is a placeholder.</p>

      <!-- Footer -->
<footer class="page-footer font-small secondary-color pt-4">
    <p>
        This page is a class project of <a href="https://ucsb-cs56.github.io">UCSB's CMPSC 56</a>.

    </p>
   
</footer>
    </div>
    <!-- fragments/bootstrap_scripts.html-->
<script src="https://code.jquery.com/jquery-3.3.1.slim.min.js" integrity="sha384-q8i/X+965DzO0rT7abK41JStQIAqVgRVzpbzo5smXKp4YfRvH+8abtTE1Pi6jizo" crossorigin="anonymous"></script>
<script src="https://cdnjs.cloudflare.com/ajax/libs/popper.js/1.14.7/umd/popper.min.js" integrity="sha384-UO2eT0CpHqdSJQ6hJty5KVphtPhzWj9WO1clHTMGa3JDZwrnQq4sF86dIHNDz0W1" crossorigin="anonymous"></script>
<script src="https://stackpath.bootstrapcdn.com/bootstrap/4.3.1/js/bootstrap.min.js" integrity="sha384-JjSmVgyd0p3pXB1rRibZUAYoIIy6OrQ6VrjIEaFf/nJGzIxFDsf4x0xIM+B07jRM" crossorigin="anonymous"></script>

  </body>
</html>

    Forwarded URL = null
   Redirected URL = null
          Cookies = []
]]></system-out>
  </testcase>
  <testcase name="getHomePage_ContentType" classname="hello.HomePageTest" time="0"/>
</testsuite>